/home/yinruochen/Downloads/cmake-3.27.4-linux-x86_64/bin/cmake -S/home/yinruochen/workspace/ucc -B/home/yinruochen/workspace/ucc/build --check-build-system CMakeFiles/Makefile.cmake 0
/home/yinruochen/Downloads/cmake-3.27.4-linux-x86_64/bin/cmake -E cmake_progress_start /home/yinruochen/workspace/ucc/build/CMakeFiles /home/yinruochen/workspace/ucc/build//CMakeFiles/progress.marks
make  -f CMakeFiles/Makefile2 all
make[1]: 进入目录“/home/yinruochen/workspace/ucc/build”
make  -f CMakeFiles/ucc.dir/build.make CMakeFiles/ucc.dir/depend
make[2]: 进入目录“/home/yinruochen/workspace/ucc/build”
cd /home/yinruochen/workspace/ucc/build && /home/yinruochen/Downloads/cmake-3.27.4-linux-x86_64/bin/cmake -E cmake_depends "Unix Makefiles" /home/yinruochen/workspace/ucc /home/yinruochen/workspace/ucc /home/yinruochen/workspace/ucc/build /home/yinruochen/workspace/ucc/build /home/yinruochen/workspace/ucc/build/CMakeFiles/ucc.dir/DependInfo.cmake "--color="
make[2]: 离开目录“/home/yinruochen/workspace/ucc/build”
make  -f CMakeFiles/ucc.dir/build.make CMakeFiles/ucc.dir/build
make[2]: 进入目录“/home/yinruochen/workspace/ucc/build”
[  2%] Building CXX object CMakeFiles/ucc.dir/ucc/http/http.cpp.o
/usr/bin/c++ -Ducc_EXPORTS -I/home/yinruochen/workspace/ucc/. -I/home/yinruochen/yaml-cpp/yaml-cpp/include -rdynamic -O0 -ggdb -std=c++11 -Wall -Wno-deprecated -Werror -Wno-unused-function -fPIC -MD -MT CMakeFiles/ucc.dir/ucc/http/http.cpp.o -MF CMakeFiles/ucc.dir/ucc/http/http.cpp.o.d -o CMakeFiles/ucc.dir/ucc/http/http.cpp.o -c /home/yinruochen/workspace/ucc/ucc/http/http.cpp
In file included from /home/yinruochen/workspace/ucc/ucc/http/http.cpp:1:0:
/home/yinruochen/workspace/ucc/ucc/http/http.h:79:11: 错误：对成员‘GET’的请求出现在‘0’中，而后者具有非类类型‘int’
    XX(1,  GET,         GET)          \
           ^
/home/yinruochen/workspace/ucc/ucc/http/http.h:122:33: 附注：in definition of macro ‘XX’
 #define XX(num , name , string) name = num.
                                 ^
/home/yinruochen/workspace/ucc/ucc/http/http.h:123:2: 附注：in expansion of macro ‘HTTP_METHOD_MAP’
  HTTP_METHOD_MAP(XX)
  ^
/home/yinruochen/workspace/ucc/ucc/http/http.h:80:11: 错误：对成员‘HEAD’的请求出现在‘1’中，而后者具有非类类型‘int’
    XX(2,  HEAD,        HEAD)         \
           ^
/home/yinruochen/workspace/ucc/ucc/http/http.h:122:33: 附注：in definition of macro ‘XX’
 #define XX(num , name , string) name = num.
                                 ^
/home/yinruochen/workspace/ucc/ucc/http/http.h:123:2: 附注：in expansion of macro ‘HTTP_METHOD_MAP’
  HTTP_METHOD_MAP(XX)
  ^
/home/yinruochen/workspace/ucc/ucc/http/http.h:81:11: 错误：对成员‘POST’的请求出现在‘2’中，而后者具有非类类型‘int’
    XX(3,  POST,        POST)         \
           ^
/home/yinruochen/workspace/ucc/ucc/http/http.h:122:33: 附注：in definition of macro ‘XX’
 #define XX(num , name , string) name = num.
                                 ^
/home/yinruochen/workspace/ucc/ucc/http/http.h:123:2: 附注：in expansion of macro ‘HTTP_METHOD_MAP’
  HTTP_METHOD_MAP(XX)
  ^
/home/yinruochen/workspace/ucc/ucc/http/http.h:82:11: 错误：对成员‘PUT’的请求出现在‘3’中，而后者具有非类类型‘int’
    XX(4,  PUT,         PUT)          \
           ^
/home/yinruochen/workspace/ucc/ucc/http/http.h:122:33: 附注：in definition of macro ‘XX’
 #define XX(num , name , string) name = num.
                                 ^
/home/yinruochen/workspace/ucc/ucc/http/http.h:123:2: 附注：in expansion of macro ‘HTTP_METHOD_MAP’
  HTTP_METHOD_MAP(XX)
  ^
/home/yinruochen/workspace/ucc/ucc/http/http.h:84:11: 错误：对成员‘CONNECT’的请求出现在‘4’中，而后者具有非类类型‘int’
    XX(5,  CONNECT,     CONNECT)      \
           ^
/home/yinruochen/workspace/ucc/ucc/http/http.h:122:33: 附注：in definition of macro ‘XX’
 #define XX(num , name , string) name = num.
                                 ^
/home/yinruochen/workspace/ucc/ucc/http/http.h:123:2: 附注：in expansion of macro ‘HTTP_METHOD_MAP’
  HTTP_METHOD_MAP(XX)
  ^
/home/yinruochen/workspace/ucc/ucc/http/http.h:85:11: 错误：对成员‘OPTIONS’的请求出现在‘5’中，而后者具有非类类型‘int’
    XX(6,  OPTIONS,     OPTIONS)      \
           ^
/home/yinruochen/workspace/ucc/ucc/http/http.h:122:33: 附注：in definition of macro ‘XX’
 #define XX(num , name , string) name = num.
                                 ^
/home/yinruochen/workspace/ucc/ucc/http/http.h:123:2: 附注：in expansion of macro ‘HTTP_METHOD_MAP’
  HTTP_METHOD_MAP(XX)
  ^
/home/yinruochen/workspace/ucc/ucc/http/http.h:86:11: 错误：对成员‘TRACE’的请求出现在‘6’中，而后者具有非类类型‘int’
    XX(7,  TRACE,       TRACE)        \
           ^
/home/yinruochen/workspace/ucc/ucc/http/http.h:122:33: 附注：in definition of macro ‘XX’
 #define XX(num , name , string) name = num.
                                 ^
/home/yinruochen/workspace/ucc/ucc/http/http.h:123:2: 附注：in expansion of macro ‘HTTP_METHOD_MAP’
  HTTP_METHOD_MAP(XX)
  ^
/home/yinruochen/workspace/ucc/ucc/http/http.h:88:11: 错误：对成员‘COPY’的请求出现在‘7’中，而后者具有非类类型‘int’
    XX(8,  COPY,        COPY)         \
           ^
/home/yinruochen/workspace/ucc/ucc/http/http.h:122:33: 附注：in definition of macro ‘XX’
 #define XX(num , name , string) name = num.
                                 ^
/home/yinruochen/workspace/ucc/ucc/http/http.h:123:2: 附注：in expansion of macro ‘HTTP_METHOD_MAP’
  HTTP_METHOD_MAP(XX)
  ^
/home/yinruochen/workspace/ucc/ucc/http/http.h:89:11: 错误：对成员‘LOCK’的请求出现在‘8’中，而后者具有非类类型‘int’
    XX(9,  LOCK,        LOCK)         \
           ^
/home/yinruochen/workspace/ucc/ucc/http/http.h:122:33: 附注：in definition of macro ‘XX’
 #define XX(num , name , string) name = num.
                                 ^
/home/yinruochen/workspace/ucc/ucc/http/http.h:123:2: 附注：in expansion of macro ‘HTTP_METHOD_MAP’
  HTTP_METHOD_MAP(XX)
  ^
/home/yinruochen/workspace/ucc/ucc/http/http.h:90:11: 错误：对成员‘MKCOL’的请求出现在‘9’中，而后者具有非类类型‘int’
    XX(10, MKCOL,       MKCOL)        \
           ^
/home/yinruochen/workspace/ucc/ucc/http/http.h:122:33: 附注：in definition of macro ‘XX’
 #define XX(num , name , string) name = num.
                                 ^
/home/yinruochen/workspace/ucc/ucc/http/http.h:123:2: 附注：in expansion of macro ‘HTTP_METHOD_MAP’
  HTTP_METHOD_MAP(XX)
  ^
/home/yinruochen/workspace/ucc/ucc/http/http.h:91:11: 错误：对成员‘MOVE’的请求出现在‘10’中，而后者具有非类类型‘int’
    XX(11, MOVE,        MOVE)         \
           ^
/home/yinruochen/workspace/ucc/ucc/http/http.h:122:33: 附注：in definition of macro ‘XX’
 #define XX(num , name , string) name = num.
                                 ^
/home/yinruochen/workspace/ucc/ucc/http/http.h:123:2: 附注：in expansion of macro ‘HTTP_METHOD_MAP’
  HTTP_METHOD_MAP(XX)
  ^
/home/yinruochen/workspace/ucc/ucc/http/http.h:92:11: 错误：对成员‘PROPFIND’的请求出现在‘11’中，而后者具有非类类型‘int’
    XX(12, PROPFIND,    PROPFIND)     \
           ^
/home/yinruochen/workspace/ucc/ucc/http/http.h:122:33: 附注：in definition of macro ‘XX’
 #define XX(num , name , string) name = num.
                                 ^
/home/yinruochen/workspace/ucc/ucc/http/http.h:123:2: 附注：in expansion of macro ‘HTTP_METHOD_MAP’
  HTTP_METHOD_MAP(XX)
  ^
/home/yinruochen/workspace/ucc/ucc/http/http.h:93:11: 错误：对成员‘PROPPATCH’的请求出现在‘12’中，而后者具有非类类型‘int’
    XX(13, PROPPATCH,   PROPPATCH)    \
           ^
/home/yinruochen/workspace/ucc/ucc/http/http.h:122:33: 附注：in definition of macro ‘XX’
 #define XX(num , name , string) name = num.
                                 ^
/home/yinruochen/workspace/ucc/ucc/http/http.h:123:2: 附注：in expansion of macro ‘HTTP_METHOD_MAP’
  HTTP_METHOD_MAP(XX)
  ^
/home/yinruochen/workspace/ucc/ucc/http/http.h:94:11: 错误：对成员‘SEARCH’的请求出现在‘13’中，而后者具有非类类型‘int’
    XX(14, SEARCH,      SEARCH)       \
           ^
/home/yinruochen/workspace/ucc/ucc/http/http.h:122:33: 附注：in definition of macro ‘XX’
 #define XX(num , name , string) name = num.
                                 ^
/home/yinruochen/workspace/ucc/ucc/http/http.h:123:2: 附注：in expansion of macro ‘HTTP_METHOD_MAP’
  HTTP_METHOD_MAP(XX)
  ^
/home/yinruochen/workspace/ucc/ucc/http/http.h:95:11: 错误：对成员‘UNLOCK’的请求出现在‘14’中，而后者具有非类类型‘int’
    XX(15, UNLOCK,      UNLOCK)       \
           ^
/home/yinruochen/workspace/ucc/ucc/http/http.h:122:33: 附注：in definition of macro ‘XX’
 #define XX(num , name , string) name = num.
                                 ^
/home/yinruochen/workspace/ucc/ucc/http/http.h:123:2: 附注：in expansion of macro ‘HTTP_METHOD_MAP’
  HTTP_METHOD_MAP(XX)
  ^
/home/yinruochen/workspace/ucc/ucc/http/http.h:96:11: 错误：对成员‘BIND’的请求出现在‘15’中，而后者具有非类类型‘int’
    XX(16, BIND,        BIND)         \
           ^
/home/yinruochen/workspace/ucc/ucc/http/http.h:122:33: 附注：in definition of macro ‘XX’
 #define XX(num , name , string) name = num.
                                 ^
/home/yinruochen/workspace/ucc/ucc/http/http.h:123:2: 附注：in expansion of macro ‘HTTP_METHOD_MAP’
  HTTP_METHOD_MAP(XX)
  ^
/home/yinruochen/workspace/ucc/ucc/http/http.h:97:11: 错误：对成员‘REBIND’的请求出现在‘16’中，而后者具有非类类型‘int’
    XX(17, REBIND,      REBIND)       \
           ^
/home/yinruochen/workspace/ucc/ucc/http/http.h:122:33: 附注：in definition of macro ‘XX’
 #define XX(num , name , string) name = num.
                                 ^
/home/yinruochen/workspace/ucc/ucc/http/http.h:123:2: 附注：in expansion of macro ‘HTTP_METHOD_MAP’
  HTTP_METHOD_MAP(XX)
  ^
/home/yinruochen/workspace/ucc/ucc/http/http.h:98:11: 错误：对成员‘UNBIND’的请求出现在‘17’中，而后者具有非类类型‘int’
    XX(18, UNBIND,      UNBIND)       \
           ^
/home/yinruochen/workspace/ucc/ucc/http/http.h:122:33: 附注：in definition of macro ‘XX’
 #define XX(num , name , string) name = num.
                                 ^
/home/yinruochen/workspace/ucc/ucc/http/http.h:123:2: 附注：in expansion of macro ‘HTTP_METHOD_MAP’
  HTTP_METHOD_MAP(XX)
  ^
/home/yinruochen/workspace/ucc/ucc/http/http.h:99:11: 错误：对成员‘ACL’的请求出现在‘18’中，而后者具有非类类型‘int’
    XX(19, ACL,         ACL)          \
           ^
/home/yinruochen/workspace/ucc/ucc/http/http.h:122:33: 附注：in definition of macro ‘XX’
 #define XX(num , name , string) name = num.
                                 ^
/home/yinruochen/workspace/ucc/ucc/http/http.h:123:2: 附注：in expansion of macro ‘HTTP_METHOD_MAP’
  HTTP_METHOD_MAP(XX)
  ^
/home/yinruochen/workspace/ucc/ucc/http/http.h:101:11: 错误：对成员‘REPORT’的请求出现在‘19’中，而后者具有非类类型‘int’
    XX(20, REPORT,      REPORT)       \
           ^
/home/yinruochen/workspace/ucc/ucc/http/http.h:122:33: 附注：in definition of macro ‘XX’
 #define XX(num , name , string) name = num.
                                 ^
/home/yinruochen/workspace/ucc/ucc/http/http.h:123:2: 附注：in expansion of macro ‘HTTP_METHOD_MAP’
  HTTP_METHOD_MAP(XX)
  ^
/home/yinruochen/workspace/ucc/ucc/http/http.h:102:11: 错误：对成员‘MKACTIVITY’的请求出现在‘20’中，而后者具有非类类型‘int’
    XX(21, MKACTIVITY,  MKACTIVITY)   \
           ^
/home/yinruochen/workspace/ucc/ucc/http/http.h:122:33: 附注：in definition of macro ‘XX’
 #define XX(num , name , string) name = num.
                                 ^
/home/yinruochen/workspace/ucc/ucc/http/http.h:123:2: 附注：in expansion of macro ‘HTTP_METHOD_MAP’
  HTTP_METHOD_MAP(XX)
  ^
/home/yinruochen/workspace/ucc/ucc/http/http.h:103:11: 错误：对成员‘CHECKOUT’的请求出现在‘21’中，而后者具有非类类型‘int’
    XX(22, CHECKOUT,    CHECKOUT)     \
           ^
/home/yinruochen/workspace/ucc/ucc/http/http.h:122:33: 附注：in definition of macro ‘XX’
 #define XX(num , name , string) name = num.
                                 ^
/home/yinruochen/workspace/ucc/ucc/http/http.h:123:2: 附注：in expansion of macro ‘HTTP_METHOD_MAP’
  HTTP_METHOD_MAP(XX)
  ^
/home/yinruochen/workspace/ucc/ucc/http/http.h:104:11: 错误：对成员‘MERGE’的请求出现在‘22’中，而后者具有非类类型‘int’
    XX(23, MERGE,       MERGE)        \
           ^
/home/yinruochen/workspace/ucc/ucc/http/http.h:122:33: 附注：in definition of macro ‘XX’
 #define XX(num , name , string) name = num.
                                 ^
/home/yinruochen/workspace/ucc/ucc/http/http.h:123:2: 附注：in expansion of macro ‘HTTP_METHOD_MAP’
  HTTP_METHOD_MAP(XX)
  ^
/home/yinruochen/workspace/ucc/ucc/http/http.h:106:11: 错误：对成员‘MSEARCH’的请求出现在‘23’中，而后者具有非类类型‘int’
    XX(24, MSEARCH,     M-SEARCH)     \
           ^
/home/yinruochen/workspace/ucc/ucc/http/http.h:122:33: 附注：in definition of macro ‘XX’
 #define XX(num , name , string) name = num.
                                 ^
/home/yinruochen/workspace/ucc/ucc/http/http.h:123:2: 附注：in expansion of macro ‘HTTP_METHOD_MAP’
  HTTP_METHOD_MAP(XX)
  ^
/home/yinruochen/workspace/ucc/ucc/http/http.h:107:11: 错误：对成员‘NOTIFY’的请求出现在‘24’中，而后者具有非类类型‘int’
    XX(25, NOTIFY,      NOTIFY)       \
           ^
/home/yinruochen/workspace/ucc/ucc/http/http.h:122:33: 附注：in definition of macro ‘XX’
 #define XX(num , name , string) name = num.
                                 ^
/home/yinruochen/workspace/ucc/ucc/http/http.h:123:2: 附注：in expansion of macro ‘HTTP_METHOD_MAP’
  HTTP_METHOD_MAP(XX)
  ^
/home/yinruochen/workspace/ucc/ucc/http/http.h:108:11: 错误：对成员‘SUBSCRIBE’的请求出现在‘25’中，而后者具有非类类型‘int’
    XX(26, SUBSCRIBE,   SUBSCRIBE)    \
           ^
/home/yinruochen/workspace/ucc/ucc/http/http.h:122:33: 附注：in definition of macro ‘XX’
 #define XX(num , name , string) name = num.
                                 ^
/home/yinruochen/workspace/ucc/ucc/http/http.h:123:2: 附注：in expansion of macro ‘HTTP_METHOD_MAP’
  HTTP_METHOD_MAP(XX)
  ^
/home/yinruochen/workspace/ucc/ucc/http/http.h:109:11: 错误：对成员‘UNSUBSCRIBE’的请求出现在‘26’中，而后者具有非类类型‘int’
    XX(27, UNSUBSCRIBE, UNSUBSCRIBE)  \
           ^
/home/yinruochen/workspace/ucc/ucc/http/http.h:122:33: 附注：in definition of macro ‘XX’
 #define XX(num , name , string) name = num.
                                 ^
/home/yinruochen/workspace/ucc/ucc/http/http.h:123:2: 附注：in expansion of macro ‘HTTP_METHOD_MAP’
  HTTP_METHOD_MAP(XX)
  ^
/home/yinruochen/workspace/ucc/ucc/http/http.h:111:11: 错误：对成员‘PATCH’的请求出现在‘27’中，而后者具有非类类型‘int’
    XX(28, PATCH,       PATCH)        \
           ^
/home/yinruochen/workspace/ucc/ucc/http/http.h:122:33: 附注：in definition of macro ‘XX’
 #define XX(num , name , string) name = num.
                                 ^
/home/yinruochen/workspace/ucc/ucc/http/http.h:123:2: 附注：in expansion of macro ‘HTTP_METHOD_MAP’
  HTTP_METHOD_MAP(XX)
  ^
/home/yinruochen/workspace/ucc/ucc/http/http.h:112:11: 错误：对成员‘PURGE’的请求出现在‘28’中，而后者具有非类类型‘int’
    XX(29, PURGE,       PURGE)        \
           ^
/home/yinruochen/workspace/ucc/ucc/http/http.h:122:33: 附注：in definition of macro ‘XX’
 #define XX(num , name , string) name = num.
                                 ^
/home/yinruochen/workspace/ucc/ucc/http/http.h:123:2: 附注：in expansion of macro ‘HTTP_METHOD_MAP’
  HTTP_METHOD_MAP(XX)
  ^
/home/yinruochen/workspace/ucc/ucc/http/http.h:114:11: 错误：对成员‘MKCALENDAR’的请求出现在‘29’中，而后者具有非类类型‘int’
    XX(30, MKCALENDAR,  MKCALENDAR)   \
           ^
/home/yinruochen/workspace/ucc/ucc/http/http.h:122:33: 附注：in definition of macro ‘XX’
 #define XX(num , name , string) name = num.
                                 ^
/home/yinruochen/workspace/ucc/ucc/http/http.h:123:2: 附注：in expansion of macro ‘HTTP_METHOD_MAP’
  HTTP_METHOD_MAP(XX)
  ^
/home/yinruochen/workspace/ucc/ucc/http/http.h:116:11: 错误：对成员‘LINK’的请求出现在‘30’中，而后者具有非类类型‘int’
    XX(31, LINK,        LINK)         \
           ^
/home/yinruochen/workspace/ucc/ucc/http/http.h:122:33: 附注：in definition of macro ‘XX’
 #define XX(num , name , string) name = num.
                                 ^
/home/yinruochen/workspace/ucc/ucc/http/http.h:123:2: 附注：in expansion of macro ‘HTTP_METHOD_MAP’
  HTTP_METHOD_MAP(XX)
  ^
/home/yinruochen/workspace/ucc/ucc/http/http.h:117:11: 错误：对成员‘UNLINK’的请求出现在‘31’中，而后者具有非类类型‘int’
    XX(32, UNLINK,      UNLINK)       \
           ^
/home/yinruochen/workspace/ucc/ucc/http/http.h:122:33: 附注：in definition of macro ‘XX’
 #define XX(num , name , string) name = num.
                                 ^
/home/yinruochen/workspace/ucc/ucc/http/http.h:123:2: 附注：in expansion of macro ‘HTTP_METHOD_MAP’
  HTTP_METHOD_MAP(XX)
  ^
/home/yinruochen/workspace/ucc/ucc/http/http.h:119:11: 错误：对成员‘SOURCE’的请求出现在‘32’中，而后者具有非类类型‘int’
    XX(33, SOURCE,      SOURCE)       \
           ^
/home/yinruochen/workspace/ucc/ucc/http/http.h:122:33: 附注：in definition of macro ‘XX’
 #define XX(num , name , string) name = num.
                                 ^
/home/yinruochen/workspace/ucc/ucc/http/http.h:123:2: 附注：in expansion of macro ‘HTTP_METHOD_MAP’
  HTTP_METHOD_MAP(XX)
  ^
/home/yinruochen/workspace/ucc/ucc/http/http.h:125:2: 错误：对成员‘INVALID_METHOD’的请求出现在‘33’中，而后者具有非类类型‘int’
  INVALID_METHOD 
  ^
/home/yinruochen/workspace/ucc/ucc/http/http.h:140:62: 错误：‘const string& lhs’ 重定义
  bool operator()(const std::string& lhs , const std::string& lhs)const;
                                                              ^
/home/yinruochen/workspace/ucc/ucc/http/http.h:140:37: 错误：‘const string& lhs’ previously declared here
  bool operator()(const std::string& lhs , const std::string& lhs)const;
                                     ^
/home/yinruochen/workspace/ucc/ucc/http/http.h:189:11: 错误：‘T’未声明
  template<T>
           ^
/home/yinruochen/workspace/ucc/ucc/http/http.h:190:49: 错误：‘T’未声明
  bool checkGetHeaderAs(const std::string& key , T& val , const T& def = T()){
                                                 ^
/home/yinruochen/workspace/ucc/ucc/http/http.h:190:64: 错误：‘T’不是一个类型名
  bool checkGetHeaderAs(const std::string& key , T& val , const T& def = T()){
                                                                ^
/home/yinruochen/workspace/ucc/ucc/http/http.h:190:75: 错误：ISO C++ 不允许声明无类型的‘def’ [-fpermissive]
  bool checkGetHeaderAs(const std::string& key , T& val , const T& def = T()){
                                                                           ^
/home/yinruochen/workspace/ucc/ucc/http/http.h:194:11: 错误：‘T’未声明
  template<T>
           ^
/home/yinruochen/workspace/ucc/ucc/http/http.h:195:2: 错误：‘T’不是一个类型名
  T getHeaderAs(const std::string& key , const T& def = T()){
  ^
/home/yinruochen/workspace/ucc/ucc/http/http.h:199:11: 错误：‘T’未声明
  template<T>
           ^
/home/yinruochen/workspace/ucc/ucc/http/http.h:200:48: 错误：‘T’未声明
  bool checkGetParamAs(const std::string& key , T& val , const T& def = T()){
                                                ^
/home/yinruochen/workspace/ucc/ucc/http/http.h:200:63: 错误：‘T’不是一个类型名
  bool checkGetParamAs(const std::string& key , T& val , const T& def = T()){
                                                               ^
/home/yinruochen/workspace/ucc/ucc/http/http.h:200:74: 错误：ISO C++ 不允许声明无类型的‘def’ [-fpermissive]
  bool checkGetParamAs(const std::string& key , T& val , const T& def = T()){
                                                                          ^
/home/yinruochen/workspace/ucc/ucc/http/http.h:204:11: 错误：‘T’未声明
  template<T>
           ^
/home/yinruochen/workspace/ucc/ucc/http/http.h:205:2: 错误：‘T’不是一个类型名
  T getParamAs(const std::string& key , const T& def = T()){
  ^
/home/yinruochen/workspace/ucc/ucc/http/http.h:209:11: 错误：‘T’未声明
  template<T>
           ^
/home/yinruochen/workspace/ucc/ucc/http/http.h:210:49: 错误：‘T’未声明
  bool checkGetCookieAs(const std::string& key , T& val , const T& def = T()){
                                                 ^
/home/yinruochen/workspace/ucc/ucc/http/http.h:210:64: 错误：‘T’不是一个类型名
  bool checkGetCookieAs(const std::string& key , T& val , const T& def = T()){
                                                                ^
/home/yinruochen/workspace/ucc/ucc/http/http.h:210:75: 错误：ISO C++ 不允许声明无类型的‘def’ [-fpermissive]
  bool checkGetCookieAs(const std::string& key , T& val , const T& def = T()){
                                                                           ^
/home/yinruochen/workspace/ucc/ucc/http/http.h:214:11: 错误：‘T’未声明
  template<T>
           ^
/home/yinruochen/workspace/ucc/ucc/http/http.h:215:2: 错误：‘T’不是一个类型名
  T getCookieAs(const std::string& key , const T& def = T()){
  ^
/home/yinruochen/workspace/ucc/ucc/http/http.h:190:75: 错误：‘T’的实参不依赖模板参数，所以‘T’的声明必须可用 [-fpermissive]
  bool checkGetHeaderAs(const std::string& key , T& val , const T& def = T()){
                                                                           ^
/home/yinruochen/workspace/ucc/ucc/http/http.h:190:75: 附注：(如果您使用‘-fpermissive’，G++ 会接受您的代码，但是允许使用未定义的名称是不建议使用的风格)
/home/yinruochen/workspace/ucc/ucc/http/http.h:200:74: 错误：‘T’的实参不依赖模板参数，所以‘T’的声明必须可用 [-fpermissive]
  bool checkGetParamAs(const std::string& key , T& val , const T& def = T()){
                                                                          ^
/home/yinruochen/workspace/ucc/ucc/http/http.h:210:75: 错误：‘T’的实参不依赖模板参数，所以‘T’的声明必须可用 [-fpermissive]
  bool checkGetCookieAs(const std::string& key , T& val , const T& def = T()){
                                                                           ^
/home/yinruochen/workspace/ucc/ucc/http/http.cpp: 在函数‘ucc::http::HttpMethod ucc::http::StringToHttpMethod(const string&)’中:
/home/yinruochen/workspace/ucc/ucc/http/http.cpp:9:10: 错误：‘GET’不是‘ucc::http::HttpMethod’的成员
   return HttpMethod::name; \
          ^
/home/yinruochen/workspace/ucc/ucc/http/http.h:79:4: 附注：in expansion of macro ‘XX’
    XX(1,  GET,         GET)          \
    ^
/home/yinruochen/workspace/ucc/ucc/http/http.cpp:11:2: 附注：in expansion of macro ‘HTTP_METHOD_MAP’
  HTTP_METHOD_MAP(XX);
  ^
/home/yinruochen/workspace/ucc/ucc/http/http.cpp:9:10: 错误：‘HEAD’不是‘ucc::http::HttpMethod’的成员
   return HttpMethod::name; \
          ^
/home/yinruochen/workspace/ucc/ucc/http/http.h:80:4: 附注：in expansion of macro ‘XX’
    XX(2,  HEAD,        HEAD)         \
    ^
/home/yinruochen/workspace/ucc/ucc/http/http.cpp:11:2: 附注：in expansion of macro ‘HTTP_METHOD_MAP’
  HTTP_METHOD_MAP(XX);
  ^
/home/yinruochen/workspace/ucc/ucc/http/http.cpp:9:10: 错误：‘POST’不是‘ucc::http::HttpMethod’的成员
   return HttpMethod::name; \
          ^
/home/yinruochen/workspace/ucc/ucc/http/http.h:81:4: 附注：in expansion of macro ‘XX’
    XX(3,  POST,        POST)         \
    ^
/home/yinruochen/workspace/ucc/ucc/http/http.cpp:11:2: 附注：in expansion of macro ‘HTTP_METHOD_MAP’
  HTTP_METHOD_MAP(XX);
  ^
/home/yinruochen/workspace/ucc/ucc/http/http.cpp:9:10: 错误：‘PUT’不是‘ucc::http::HttpMethod’的成员
   return HttpMethod::name; \
          ^
/home/yinruochen/workspace/ucc/ucc/http/http.h:82:4: 附注：in expansion of macro ‘XX’
    XX(4,  PUT,         PUT)          \
    ^
/home/yinruochen/workspace/ucc/ucc/http/http.cpp:11:2: 附注：in expansion of macro ‘HTTP_METHOD_MAP’
  HTTP_METHOD_MAP(XX);
  ^
/home/yinruochen/workspace/ucc/ucc/http/http.cpp:9:10: 错误：‘CONNECT’不是‘ucc::http::HttpMethod’的成员
   return HttpMethod::name; \
          ^
/home/yinruochen/workspace/ucc/ucc/http/http.h:84:4: 附注：in expansion of macro ‘XX’
    XX(5,  CONNECT,     CONNECT)      \
    ^
/home/yinruochen/workspace/ucc/ucc/http/http.cpp:11:2: 附注：in expansion of macro ‘HTTP_METHOD_MAP’
  HTTP_METHOD_MAP(XX);
  ^
/home/yinruochen/workspace/ucc/ucc/http/http.cpp:9:10: 错误：‘OPTIONS’不是‘ucc::http::HttpMethod’的成员
   return HttpMethod::name; \
          ^
/home/yinruochen/workspace/ucc/ucc/http/http.h:85:4: 附注：in expansion of macro ‘XX’
    XX(6,  OPTIONS,     OPTIONS)      \
    ^
/home/yinruochen/workspace/ucc/ucc/http/http.cpp:11:2: 附注：in expansion of macro ‘HTTP_METHOD_MAP’
  HTTP_METHOD_MAP(XX);
  ^
/home/yinruochen/workspace/ucc/ucc/http/http.cpp:9:10: 错误：‘TRACE’不是‘ucc::http::HttpMethod’的成员
   return HttpMethod::name; \
          ^
/home/yinruochen/workspace/ucc/ucc/http/http.h:86:4: 附注：in expansion of macro ‘XX’
    XX(7,  TRACE,       TRACE)        \
    ^
/home/yinruochen/workspace/ucc/ucc/http/http.cpp:11:2: 附注：in expansion of macro ‘HTTP_METHOD_MAP’
  HTTP_METHOD_MAP(XX);
  ^
/home/yinruochen/workspace/ucc/ucc/http/http.cpp:9:10: 错误：‘COPY’不是‘ucc::http::HttpMethod’的成员
   return HttpMethod::name; \
          ^
/home/yinruochen/workspace/ucc/ucc/http/http.h:88:4: 附注：in expansion of macro ‘XX’
    XX(8,  COPY,        COPY)         \
    ^
/home/yinruochen/workspace/ucc/ucc/http/http.cpp:11:2: 附注：in expansion of macro ‘HTTP_METHOD_MAP’
  HTTP_METHOD_MAP(XX);
  ^
/home/yinruochen/workspace/ucc/ucc/http/http.cpp:9:10: 错误：‘LOCK’不是‘ucc::http::HttpMethod’的成员
   return HttpMethod::name; \
          ^
/home/yinruochen/workspace/ucc/ucc/http/http.h:89:4: 附注：in expansion of macro ‘XX’
    XX(9,  LOCK,        LOCK)         \
    ^
/home/yinruochen/workspace/ucc/ucc/http/http.cpp:11:2: 附注：in expansion of macro ‘HTTP_METHOD_MAP’
  HTTP_METHOD_MAP(XX);
  ^
/home/yinruochen/workspace/ucc/ucc/http/http.cpp:9:10: 错误：‘MKCOL’不是‘ucc::http::HttpMethod’的成员
   return HttpMethod::name; \
          ^
/home/yinruochen/workspace/ucc/ucc/http/http.h:90:4: 附注：in expansion of macro ‘XX’
    XX(10, MKCOL,       MKCOL)        \
    ^
/home/yinruochen/workspace/ucc/ucc/http/http.cpp:11:2: 附注：in expansion of macro ‘HTTP_METHOD_MAP’
  HTTP_METHOD_MAP(XX);
  ^
/home/yinruochen/workspace/ucc/ucc/http/http.cpp:9:10: 错误：‘MOVE’不是‘ucc::http::HttpMethod’的成员
   return HttpMethod::name; \
          ^
/home/yinruochen/workspace/ucc/ucc/http/http.h:91:4: 附注：in expansion of macro ‘XX’
    XX(11, MOVE,        MOVE)         \
    ^
/home/yinruochen/workspace/ucc/ucc/http/http.cpp:11:2: 附注：in expansion of macro ‘HTTP_METHOD_MAP’
  HTTP_METHOD_MAP(XX);
  ^
/home/yinruochen/workspace/ucc/ucc/http/http.cpp:9:10: 错误：‘PROPFIND’不是‘ucc::http::HttpMethod’的成员
   return HttpMethod::name; \
          ^
/home/yinruochen/workspace/ucc/ucc/http/http.h:92:4: 附注：in expansion of macro ‘XX’
    XX(12, PROPFIND,    PROPFIND)     \
    ^
/home/yinruochen/workspace/ucc/ucc/http/http.cpp:11:2: 附注：in expansion of macro ‘HTTP_METHOD_MAP’
  HTTP_METHOD_MAP(XX);
  ^
/home/yinruochen/workspace/ucc/ucc/http/http.cpp:9:10: 错误：‘PROPPATCH’不是‘ucc::http::HttpMethod’的成员
   return HttpMethod::name; \
          ^
/home/yinruochen/workspace/ucc/ucc/http/http.h:93:4: 附注：in expansion of macro ‘XX’
    XX(13, PROPPATCH,   PROPPATCH)    \
    ^
/home/yinruochen/workspace/ucc/ucc/http/http.cpp:11:2: 附注：in expansion of macro ‘HTTP_METHOD_MAP’
  HTTP_METHOD_MAP(XX);
  ^
/home/yinruochen/workspace/ucc/ucc/http/http.cpp:9:10: 错误：‘SEARCH’不是‘ucc::http::HttpMethod’的成员
   return HttpMethod::name; \
          ^
/home/yinruochen/workspace/ucc/ucc/http/http.h:94:4: 附注：in expansion of macro ‘XX’
    XX(14, SEARCH,      SEARCH)       \
    ^
/home/yinruochen/workspace/ucc/ucc/http/http.cpp:11:2: 附注：in expansion of macro ‘HTTP_METHOD_MAP’
  HTTP_METHOD_MAP(XX);
  ^
/home/yinruochen/workspace/ucc/ucc/http/http.cpp:9:10: 错误：‘UNLOCK’不是‘ucc::http::HttpMethod’的成员
   return HttpMethod::name; \
          ^
/home/yinruochen/workspace/ucc/ucc/http/http.h:95:4: 附注：in expansion of macro ‘XX’
    XX(15, UNLOCK,      UNLOCK)       \
    ^
/home/yinruochen/workspace/ucc/ucc/http/http.cpp:11:2: 附注：in expansion of macro ‘HTTP_METHOD_MAP’
  HTTP_METHOD_MAP(XX);
  ^
/home/yinruochen/workspace/ucc/ucc/http/http.cpp:9:10: 错误：‘BIND’不是‘ucc::http::HttpMethod’的成员
   return HttpMethod::name; \
          ^
/home/yinruochen/workspace/ucc/ucc/http/http.h:96:4: 附注：in expansion of macro ‘XX’
    XX(16, BIND,        BIND)         \
    ^
/home/yinruochen/workspace/ucc/ucc/http/http.cpp:11:2: 附注：in expansion of macro ‘HTTP_METHOD_MAP’
  HTTP_METHOD_MAP(XX);
  ^
/home/yinruochen/workspace/ucc/ucc/http/http.cpp:9:10: 错误：‘REBIND’不是‘ucc::http::HttpMethod’的成员
   return HttpMethod::name; \
          ^
/home/yinruochen/workspace/ucc/ucc/http/http.h:97:4: 附注：in expansion of macro ‘XX’
    XX(17, REBIND,      REBIND)       \
    ^
/home/yinruochen/workspace/ucc/ucc/http/http.cpp:11:2: 附注：in expansion of macro ‘HTTP_METHOD_MAP’
  HTTP_METHOD_MAP(XX);
  ^
/home/yinruochen/workspace/ucc/ucc/http/http.cpp:9:10: 错误：‘UNBIND’不是‘ucc::http::HttpMethod’的成员
   return HttpMethod::name; \
          ^
/home/yinruochen/workspace/ucc/ucc/http/http.h:98:4: 附注：in expansion of macro ‘XX’
    XX(18, UNBIND,      UNBIND)       \
    ^
/home/yinruochen/workspace/ucc/ucc/http/http.cpp:11:2: 附注：in expansion of macro ‘HTTP_METHOD_MAP’
  HTTP_METHOD_MAP(XX);
  ^
/home/yinruochen/workspace/ucc/ucc/http/http.cpp:9:10: 错误：‘ACL’不是‘ucc::http::HttpMethod’的成员
   return HttpMethod::name; \
          ^
/home/yinruochen/workspace/ucc/ucc/http/http.h:99:4: 附注：in expansion of macro ‘XX’
    XX(19, ACL,         ACL)          \
    ^
/home/yinruochen/workspace/ucc/ucc/http/http.cpp:11:2: 附注：in expansion of macro ‘HTTP_METHOD_MAP’
  HTTP_METHOD_MAP(XX);
  ^
/home/yinruochen/workspace/ucc/ucc/http/http.cpp:9:10: 错误：‘REPORT’不是‘ucc::http::HttpMethod’的成员
   return HttpMethod::name; \
          ^
/home/yinruochen/workspace/ucc/ucc/http/http.h:101:4: 附注：in expansion of macro ‘XX’
    XX(20, REPORT,      REPORT)       \
    ^
/home/yinruochen/workspace/ucc/ucc/http/http.cpp:11:2: 附注：in expansion of macro ‘HTTP_METHOD_MAP’
  HTTP_METHOD_MAP(XX);
  ^
/home/yinruochen/workspace/ucc/ucc/http/http.cpp:9:10: 错误：‘MKACTIVITY’不是‘ucc::http::HttpMethod’的成员
   return HttpMethod::name; \
          ^
/home/yinruochen/workspace/ucc/ucc/http/http.h:102:4: 附注：in expansion of macro ‘XX’
    XX(21, MKACTIVITY,  MKACTIVITY)   \
    ^
/home/yinruochen/workspace/ucc/ucc/http/http.cpp:11:2: 附注：in expansion of macro ‘HTTP_METHOD_MAP’
  HTTP_METHOD_MAP(XX);
  ^
/home/yinruochen/workspace/ucc/ucc/http/http.cpp:9:10: 错误：‘CHECKOUT’不是‘ucc::http::HttpMethod’的成员
   return HttpMethod::name; \
          ^
/home/yinruochen/workspace/ucc/ucc/http/http.h:103:4: 附注：in expansion of macro ‘XX’
    XX(22, CHECKOUT,    CHECKOUT)     \
    ^
/home/yinruochen/workspace/ucc/ucc/http/http.cpp:11:2: 附注：in expansion of macro ‘HTTP_METHOD_MAP’
  HTTP_METHOD_MAP(XX);
  ^
/home/yinruochen/workspace/ucc/ucc/http/http.cpp:9:10: 错误：‘MERGE’不是‘ucc::http::HttpMethod’的成员
   return HttpMethod::name; \
          ^
/home/yinruochen/workspace/ucc/ucc/http/http.h:104:4: 附注：in expansion of macro ‘XX’
    XX(23, MERGE,       MERGE)        \
    ^
/home/yinruochen/workspace/ucc/ucc/http/http.cpp:11:2: 附注：in expansion of macro ‘HTTP_METHOD_MAP’
  HTTP_METHOD_MAP(XX);
  ^
/home/yinruochen/workspace/ucc/ucc/http/http.cpp:9:10: 错误：‘MSEARCH’不是‘ucc::http::HttpMethod’的成员
   return HttpMethod::name; \
          ^
/home/yinruochen/workspace/ucc/ucc/http/http.h:106:4: 附注：in expansion of macro ‘XX’
    XX(24, MSEARCH,     M-SEARCH)     \
    ^
/home/yinruochen/workspace/ucc/ucc/http/http.cpp:11:2: 附注：in expansion of macro ‘HTTP_METHOD_MAP’
  HTTP_METHOD_MAP(XX);
  ^
/home/yinruochen/workspace/ucc/ucc/http/http.cpp:9:10: 错误：‘NOTIFY’不是‘ucc::http::HttpMethod’的成员
   return HttpMethod::name; \
          ^
/home/yinruochen/workspace/ucc/ucc/http/http.h:107:4: 附注：in expansion of macro ‘XX’
    XX(25, NOTIFY,      NOTIFY)       \
    ^
/home/yinruochen/workspace/ucc/ucc/http/http.cpp:11:2: 附注：in expansion of macro ‘HTTP_METHOD_MAP’
  HTTP_METHOD_MAP(XX);
  ^
/home/yinruochen/workspace/ucc/ucc/http/http.cpp:9:10: 错误：‘SUBSCRIBE’不是‘ucc::http::HttpMethod’的成员
   return HttpMethod::name; \
          ^
/home/yinruochen/workspace/ucc/ucc/http/http.h:108:4: 附注：in expansion of macro ‘XX’
    XX(26, SUBSCRIBE,   SUBSCRIBE)    \
    ^
/home/yinruochen/workspace/ucc/ucc/http/http.cpp:11:2: 附注：in expansion of macro ‘HTTP_METHOD_MAP’
  HTTP_METHOD_MAP(XX);
  ^
/home/yinruochen/workspace/ucc/ucc/http/http.cpp:9:10: 错误：‘UNSUBSCRIBE’不是‘ucc::http::HttpMethod’的成员
   return HttpMethod::name; \
          ^
/home/yinruochen/workspace/ucc/ucc/http/http.h:109:4: 附注：in expansion of macro ‘XX’
    XX(27, UNSUBSCRIBE, UNSUBSCRIBE)  \
    ^
/home/yinruochen/workspace/ucc/ucc/http/http.cpp:11:2: 附注：in expansion of macro ‘HTTP_METHOD_MAP’
  HTTP_METHOD_MAP(XX);
  ^
/home/yinruochen/workspace/ucc/ucc/http/http.cpp:9:10: 错误：‘PATCH’不是‘ucc::http::HttpMethod’的成员
   return HttpMethod::name; \
          ^
/home/yinruochen/workspace/ucc/ucc/http/http.h:111:4: 附注：in expansion of macro ‘XX’
    XX(28, PATCH,       PATCH)        \
    ^
/home/yinruochen/workspace/ucc/ucc/http/http.cpp:11:2: 附注：in expansion of macro ‘HTTP_METHOD_MAP’
  HTTP_METHOD_MAP(XX);
  ^
/home/yinruochen/workspace/ucc/ucc/http/http.cpp:9:10: 错误：‘PURGE’不是‘ucc::http::HttpMethod’的成员
   return HttpMethod::name; \
          ^
/home/yinruochen/workspace/ucc/ucc/http/http.h:112:4: 附注：in expansion of macro ‘XX’
    XX(29, PURGE,       PURGE)        \
    ^
/home/yinruochen/workspace/ucc/ucc/http/http.cpp:11:2: 附注：in expansion of macro ‘HTTP_METHOD_MAP’
  HTTP_METHOD_MAP(XX);
  ^
/home/yinruochen/workspace/ucc/ucc/http/http.cpp:9:10: 错误：‘MKCALENDAR’不是‘ucc::http::HttpMethod’的成员
   return HttpMethod::name; \
          ^
/home/yinruochen/workspace/ucc/ucc/http/http.h:114:4: 附注：in expansion of macro ‘XX’
    XX(30, MKCALENDAR,  MKCALENDAR)   \
    ^
/home/yinruochen/workspace/ucc/ucc/http/http.cpp:11:2: 附注：in expansion of macro ‘HTTP_METHOD_MAP’
  HTTP_METHOD_MAP(XX);
  ^
/home/yinruochen/workspace/ucc/ucc/http/http.cpp:9:10: 错误：‘LINK’不是‘ucc::http::HttpMethod’的成员
   return HttpMethod::name; \
          ^
/home/yinruochen/workspace/ucc/ucc/http/http.h:116:4: 附注：in expansion of macro ‘XX’
    XX(31, LINK,        LINK)         \
    ^
/home/yinruochen/workspace/ucc/ucc/http/http.cpp:11:2: 附注：in expansion of macro ‘HTTP_METHOD_MAP’
  HTTP_METHOD_MAP(XX);
  ^
/home/yinruochen/workspace/ucc/ucc/http/http.cpp:9:10: 错误：‘UNLINK’不是‘ucc::http::HttpMethod’的成员
   return HttpMethod::name; \
          ^
/home/yinruochen/workspace/ucc/ucc/http/http.h:117:4: 附注：in expansion of macro ‘XX’
    XX(32, UNLINK,      UNLINK)       \
    ^
/home/yinruochen/workspace/ucc/ucc/http/http.cpp:11:2: 附注：in expansion of macro ‘HTTP_METHOD_MAP’
  HTTP_METHOD_MAP(XX);
  ^
/home/yinruochen/workspace/ucc/ucc/http/http.cpp:9:10: 错误：‘SOURCE’不是‘ucc::http::HttpMethod’的成员
   return HttpMethod::name; \
          ^
/home/yinruochen/workspace/ucc/ucc/http/http.h:119:4: 附注：in expansion of macro ‘XX’
    XX(33, SOURCE,      SOURCE)       \
    ^
/home/yinruochen/workspace/ucc/ucc/http/http.cpp:11:2: 附注：in expansion of macro ‘HTTP_METHOD_MAP’
  HTTP_METHOD_MAP(XX);
  ^
/home/yinruochen/workspace/ucc/ucc/http/http.cpp:13:9: 错误：‘INVALID_METHOD’不是‘ucc::http::HttpMethod’的成员
  return HttpMethod::INVALID_METHOD;
         ^
/home/yinruochen/workspace/ucc/ucc/http/http.cpp: 在函数‘ucc::http::HttpMethod ucc::http::CharsToHttpMethod(const char*)’中:
/home/yinruochen/workspace/ucc/ucc/http/http.cpp:19:10: 错误：‘GET’不是‘ucc::http::HttpMethod’的成员
   return HttpMethod::name; \
          ^
/home/yinruochen/workspace/ucc/ucc/http/http.h:79:4: 附注：in expansion of macro ‘XX’
    XX(1,  GET,         GET)          \
    ^
/home/yinruochen/workspace/ucc/ucc/http/http.cpp:21:2: 附注：in expansion of macro ‘HTTP_METHOD_MAP’
  HTTP_METHOD_MAP(XX);
  ^
/home/yinruochen/workspace/ucc/ucc/http/http.cpp:19:10: 错误：‘HEAD’不是‘ucc::http::HttpMethod’的成员
   return HttpMethod::name; \
          ^
/home/yinruochen/workspace/ucc/ucc/http/http.h:80:4: 附注：in expansion of macro ‘XX’
    XX(2,  HEAD,        HEAD)         \
    ^
/home/yinruochen/workspace/ucc/ucc/http/http.cpp:21:2: 附注：in expansion of macro ‘HTTP_METHOD_MAP’
  HTTP_METHOD_MAP(XX);
  ^
/home/yinruochen/workspace/ucc/ucc/http/http.cpp:19:10: 错误：‘POST’不是‘ucc::http::HttpMethod’的成员
   return HttpMethod::name; \
          ^
/home/yinruochen/workspace/ucc/ucc/http/http.h:81:4: 附注：in expansion of macro ‘XX’
    XX(3,  POST,        POST)         \
    ^
/home/yinruochen/workspace/ucc/ucc/http/http.cpp:21:2: 附注：in expansion of macro ‘HTTP_METHOD_MAP’
  HTTP_METHOD_MAP(XX);
  ^
/home/yinruochen/workspace/ucc/ucc/http/http.cpp:19:10: 错误：‘PUT’不是‘ucc::http::HttpMethod’的成员
   return HttpMethod::name; \
          ^
/home/yinruochen/workspace/ucc/ucc/http/http.h:82:4: 附注：in expansion of macro ‘XX’
    XX(4,  PUT,         PUT)          \
    ^
/home/yinruochen/workspace/ucc/ucc/http/http.cpp:21:2: 附注：in expansion of macro ‘HTTP_METHOD_MAP’
  HTTP_METHOD_MAP(XX);
  ^
/home/yinruochen/workspace/ucc/ucc/http/http.cpp:19:10: 错误：‘CONNECT’不是‘ucc::http::HttpMethod’的成员
   return HttpMethod::name; \
          ^
/home/yinruochen/workspace/ucc/ucc/http/http.h:84:4: 附注：in expansion of macro ‘XX’
    XX(5,  CONNECT,     CONNECT)      \
    ^
/home/yinruochen/workspace/ucc/ucc/http/http.cpp:21:2: 附注：in expansion of macro ‘HTTP_METHOD_MAP’
  HTTP_METHOD_MAP(XX);
  ^
/home/yinruochen/workspace/ucc/ucc/http/http.cpp:19:10: 错误：‘OPTIONS’不是‘ucc::http::HttpMethod’的成员
   return HttpMethod::name; \
          ^
/home/yinruochen/workspace/ucc/ucc/http/http.h:85:4: 附注：in expansion of macro ‘XX’
    XX(6,  OPTIONS,     OPTIONS)      \
    ^
/home/yinruochen/workspace/ucc/ucc/http/http.cpp:21:2: 附注：in expansion of macro ‘HTTP_METHOD_MAP’
  HTTP_METHOD_MAP(XX);
  ^
/home/yinruochen/workspace/ucc/ucc/http/http.cpp:19:10: 错误：‘TRACE’不是‘ucc::http::HttpMethod’的成员
   return HttpMethod::name; \
          ^
/home/yinruochen/workspace/ucc/ucc/http/http.h:86:4: 附注：in expansion of macro ‘XX’
    XX(7,  TRACE,       TRACE)        \
    ^
/home/yinruochen/workspace/ucc/ucc/http/http.cpp:21:2: 附注：in expansion of macro ‘HTTP_METHOD_MAP’
  HTTP_METHOD_MAP(XX);
  ^
/home/yinruochen/workspace/ucc/ucc/http/http.cpp:19:10: 错误：‘COPY’不是‘ucc::http::HttpMethod’的成员
   return HttpMethod::name; \
          ^
/home/yinruochen/workspace/ucc/ucc/http/http.h:88:4: 附注：in expansion of macro ‘XX’
    XX(8,  COPY,        COPY)         \
    ^
/home/yinruochen/workspace/ucc/ucc/http/http.cpp:21:2: 附注：in expansion of macro ‘HTTP_METHOD_MAP’
  HTTP_METHOD_MAP(XX);
  ^
/home/yinruochen/workspace/ucc/ucc/http/http.cpp:19:10: 错误：‘LOCK’不是‘ucc::http::HttpMethod’的成员
   return HttpMethod::name; \
          ^
/home/yinruochen/workspace/ucc/ucc/http/http.h:89:4: 附注：in expansion of macro ‘XX’
    XX(9,  LOCK,        LOCK)         \
    ^
/home/yinruochen/workspace/ucc/ucc/http/http.cpp:21:2: 附注：in expansion of macro ‘HTTP_METHOD_MAP’
  HTTP_METHOD_MAP(XX);
  ^
/home/yinruochen/workspace/ucc/ucc/http/http.cpp:19:10: 错误：‘MKCOL’不是‘ucc::http::HttpMethod’的成员
   return HttpMethod::name; \
          ^
/home/yinruochen/workspace/ucc/ucc/http/http.h:90:4: 附注：in expansion of macro ‘XX’
    XX(10, MKCOL,       MKCOL)        \
    ^
/home/yinruochen/workspace/ucc/ucc/http/http.cpp:21:2: 附注：in expansion of macro ‘HTTP_METHOD_MAP’
  HTTP_METHOD_MAP(XX);
  ^
/home/yinruochen/workspace/ucc/ucc/http/http.cpp:19:10: 错误：‘MOVE’不是‘ucc::http::HttpMethod’的成员
   return HttpMethod::name; \
          ^
/home/yinruochen/workspace/ucc/ucc/http/http.h:91:4: 附注：in expansion of macro ‘XX’
    XX(11, MOVE,        MOVE)         \
    ^
/home/yinruochen/workspace/ucc/ucc/http/http.cpp:21:2: 附注：in expansion of macro ‘HTTP_METHOD_MAP’
  HTTP_METHOD_MAP(XX);
  ^
/home/yinruochen/workspace/ucc/ucc/http/http.cpp:19:10: 错误：‘PROPFIND’不是‘ucc::http::HttpMethod’的成员
   return HttpMethod::name; \
          ^
/home/yinruochen/workspace/ucc/ucc/http/http.h:92:4: 附注：in expansion of macro ‘XX’
    XX(12, PROPFIND,    PROPFIND)     \
    ^
/home/yinruochen/workspace/ucc/ucc/http/http.cpp:21:2: 附注：in expansion of macro ‘HTTP_METHOD_MAP’
  HTTP_METHOD_MAP(XX);
  ^
/home/yinruochen/workspace/ucc/ucc/http/http.cpp:19:10: 错误：‘PROPPATCH’不是‘ucc::http::HttpMethod’的成员
   return HttpMethod::name; \
          ^
/home/yinruochen/workspace/ucc/ucc/http/http.h:93:4: 附注：in expansion of macro ‘XX’
    XX(13, PROPPATCH,   PROPPATCH)    \
    ^
/home/yinruochen/workspace/ucc/ucc/http/http.cpp:21:2: 附注：in expansion of macro ‘HTTP_METHOD_MAP’
  HTTP_METHOD_MAP(XX);
  ^
/home/yinruochen/workspace/ucc/ucc/http/http.cpp:19:10: 错误：‘SEARCH’不是‘ucc::http::HttpMethod’的成员
   return HttpMethod::name; \
          ^
/home/yinruochen/workspace/ucc/ucc/http/http.h:94:4: 附注：in expansion of macro ‘XX’
    XX(14, SEARCH,      SEARCH)       \
    ^
/home/yinruochen/workspace/ucc/ucc/http/http.cpp:21:2: 附注：in expansion of macro ‘HTTP_METHOD_MAP’
  HTTP_METHOD_MAP(XX);
  ^
/home/yinruochen/workspace/ucc/ucc/http/http.cpp:19:10: 错误：‘UNLOCK’不是‘ucc::http::HttpMethod’的成员
   return HttpMethod::name; \
          ^
/home/yinruochen/workspace/ucc/ucc/http/http.h:95:4: 附注：in expansion of macro ‘XX’
    XX(15, UNLOCK,      UNLOCK)       \
    ^
/home/yinruochen/workspace/ucc/ucc/http/http.cpp:21:2: 附注：in expansion of macro ‘HTTP_METHOD_MAP’
  HTTP_METHOD_MAP(XX);
  ^
/home/yinruochen/workspace/ucc/ucc/http/http.cpp:19:10: 错误：‘BIND’不是‘ucc::http::HttpMethod’的成员
   return HttpMethod::name; \
          ^
/home/yinruochen/workspace/ucc/ucc/http/http.h:96:4: 附注：in expansion of macro ‘XX’
    XX(16, BIND,        BIND)         \
    ^
/home/yinruochen/workspace/ucc/ucc/http/http.cpp:21:2: 附注：in expansion of macro ‘HTTP_METHOD_MAP’
  HTTP_METHOD_MAP(XX);
  ^
/home/yinruochen/workspace/ucc/ucc/http/http.cpp:19:10: 错误：‘REBIND’不是‘ucc::http::HttpMethod’的成员
   return HttpMethod::name; \
          ^
/home/yinruochen/workspace/ucc/ucc/http/http.h:97:4: 附注：in expansion of macro ‘XX’
    XX(17, REBIND,      REBIND)       \
    ^
/home/yinruochen/workspace/ucc/ucc/http/http.cpp:21:2: 附注：in expansion of macro ‘HTTP_METHOD_MAP’
  HTTP_METHOD_MAP(XX);
  ^
/home/yinruochen/workspace/ucc/ucc/http/http.cpp:19:10: 错误：‘UNBIND’不是‘ucc::http::HttpMethod’的成员
   return HttpMethod::name; \
          ^
/home/yinruochen/workspace/ucc/ucc/http/http.h:98:4: 附注：in expansion of macro ‘XX’
    XX(18, UNBIND,      UNBIND)       \
    ^
/home/yinruochen/workspace/ucc/ucc/http/http.cpp:21:2: 附注：in expansion of macro ‘HTTP_METHOD_MAP’
  HTTP_METHOD_MAP(XX);
  ^
/home/yinruochen/workspace/ucc/ucc/http/http.cpp:19:10: 错误：‘ACL’不是‘ucc::http::HttpMethod’的成员
   return HttpMethod::name; \
          ^
/home/yinruochen/workspace/ucc/ucc/http/http.h:99:4: 附注：in expansion of macro ‘XX’
    XX(19, ACL,         ACL)          \
    ^
/home/yinruochen/workspace/ucc/ucc/http/http.cpp:21:2: 附注：in expansion of macro ‘HTTP_METHOD_MAP’
  HTTP_METHOD_MAP(XX);
  ^
/home/yinruochen/workspace/ucc/ucc/http/http.cpp:19:10: 错误：‘REPORT’不是‘ucc::http::HttpMethod’的成员
   return HttpMethod::name; \
          ^
/home/yinruochen/workspace/ucc/ucc/http/http.h:101:4: 附注：in expansion of macro ‘XX’
    XX(20, REPORT,      REPORT)       \
    ^
/home/yinruochen/workspace/ucc/ucc/http/http.cpp:21:2: 附注：in expansion of macro ‘HTTP_METHOD_MAP’
  HTTP_METHOD_MAP(XX);
  ^
/home/yinruochen/workspace/ucc/ucc/http/http.cpp:19:10: 错误：‘MKACTIVITY’不是‘ucc::http::HttpMethod’的成员
   return HttpMethod::name; \
          ^
/home/yinruochen/workspace/ucc/ucc/http/http.h:102:4: 附注：in expansion of macro ‘XX’
    XX(21, MKACTIVITY,  MKACTIVITY)   \
    ^
/home/yinruochen/workspace/ucc/ucc/http/http.cpp:21:2: 附注：in expansion of macro ‘HTTP_METHOD_MAP’
  HTTP_METHOD_MAP(XX);
  ^
/home/yinruochen/workspace/ucc/ucc/http/http.cpp:19:10: 错误：‘CHECKOUT’不是‘ucc::http::HttpMethod’的成员
   return HttpMethod::name; \
          ^
/home/yinruochen/workspace/ucc/ucc/http/http.h:103:4: 附注：in expansion of macro ‘XX’
    XX(22, CHECKOUT,    CHECKOUT)     \
    ^
/home/yinruochen/workspace/ucc/ucc/http/http.cpp:21:2: 附注：in expansion of macro ‘HTTP_METHOD_MAP’
  HTTP_METHOD_MAP(XX);
  ^
/home/yinruochen/workspace/ucc/ucc/http/http.cpp:19:10: 错误：‘MERGE’不是‘ucc::http::HttpMethod’的成员
   return HttpMethod::name; \
          ^
/home/yinruochen/workspace/ucc/ucc/http/http.h:104:4: 附注：in expansion of macro ‘XX’
    XX(23, MERGE,       MERGE)        \
    ^
/home/yinruochen/workspace/ucc/ucc/http/http.cpp:21:2: 附注：in expansion of macro ‘HTTP_METHOD_MAP’
  HTTP_METHOD_MAP(XX);
  ^
/home/yinruochen/workspace/ucc/ucc/http/http.cpp:19:10: 错误：‘MSEARCH’不是‘ucc::http::HttpMethod’的成员
   return HttpMethod::name; \
          ^
/home/yinruochen/workspace/ucc/ucc/http/http.h:106:4: 附注：in expansion of macro ‘XX’
    XX(24, MSEARCH,     M-SEARCH)     \
    ^
/home/yinruochen/workspace/ucc/ucc/http/http.cpp:21:2: 附注：in expansion of macro ‘HTTP_METHOD_MAP’
  HTTP_METHOD_MAP(XX);
  ^
/home/yinruochen/workspace/ucc/ucc/http/http.cpp:19:10: 错误：‘NOTIFY’不是‘ucc::http::HttpMethod’的成员
   return HttpMethod::name; \
          ^
/home/yinruochen/workspace/ucc/ucc/http/http.h:107:4: 附注：in expansion of macro ‘XX’
    XX(25, NOTIFY,      NOTIFY)       \
    ^
/home/yinruochen/workspace/ucc/ucc/http/http.cpp:21:2: 附注：in expansion of macro ‘HTTP_METHOD_MAP’
  HTTP_METHOD_MAP(XX);
  ^
/home/yinruochen/workspace/ucc/ucc/http/http.cpp:19:10: 错误：‘SUBSCRIBE’不是‘ucc::http::HttpMethod’的成员
   return HttpMethod::name; \
          ^
/home/yinruochen/workspace/ucc/ucc/http/http.h:108:4: 附注：in expansion of macro ‘XX’
    XX(26, SUBSCRIBE,   SUBSCRIBE)    \
    ^
/home/yinruochen/workspace/ucc/ucc/http/http.cpp:21:2: 附注：in expansion of macro ‘HTTP_METHOD_MAP’
  HTTP_METHOD_MAP(XX);
  ^
/home/yinruochen/workspace/ucc/ucc/http/http.cpp:19:10: 错误：‘UNSUBSCRIBE’不是‘ucc::http::HttpMethod’的成员
   return HttpMethod::name; \
          ^
/home/yinruochen/workspace/ucc/ucc/http/http.h:109:4: 附注：in expansion of macro ‘XX’
    XX(27, UNSUBSCRIBE, UNSUBSCRIBE)  \
    ^
/home/yinruochen/workspace/ucc/ucc/http/http.cpp:21:2: 附注：in expansion of macro ‘HTTP_METHOD_MAP’
  HTTP_METHOD_MAP(XX);
  ^
/home/yinruochen/workspace/ucc/ucc/http/http.cpp:19:10: 错误：‘PATCH’不是‘ucc::http::HttpMethod’的成员
   return HttpMethod::name; \
          ^
/home/yinruochen/workspace/ucc/ucc/http/http.h:111:4: 附注：in expansion of macro ‘XX’
    XX(28, PATCH,       PATCH)        \
    ^
/home/yinruochen/workspace/ucc/ucc/http/http.cpp:21:2: 附注：in expansion of macro ‘HTTP_METHOD_MAP’
  HTTP_METHOD_MAP(XX);
  ^
/home/yinruochen/workspace/ucc/ucc/http/http.cpp:19:10: 错误：‘PURGE’不是‘ucc::http::HttpMethod’的成员
   return HttpMethod::name; \
          ^
/home/yinruochen/workspace/ucc/ucc/http/http.h:112:4: 附注：in expansion of macro ‘XX’
    XX(29, PURGE,       PURGE)        \
    ^
/home/yinruochen/workspace/ucc/ucc/http/http.cpp:21:2: 附注：in expansion of macro ‘HTTP_METHOD_MAP’
  HTTP_METHOD_MAP(XX);
  ^
/home/yinruochen/workspace/ucc/ucc/http/http.cpp:19:10: 错误：‘MKCALENDAR’不是‘ucc::http::HttpMethod’的成员
   return HttpMethod::name; \
          ^
/home/yinruochen/workspace/ucc/ucc/http/http.h:114:4: 附注：in expansion of macro ‘XX’
    XX(30, MKCALENDAR,  MKCALENDAR)   \
    ^
/home/yinruochen/workspace/ucc/ucc/http/http.cpp:21:2: 附注：in expansion of macro ‘HTTP_METHOD_MAP’
  HTTP_METHOD_MAP(XX);
  ^
/home/yinruochen/workspace/ucc/ucc/http/http.cpp:19:10: 错误：‘LINK’不是‘ucc::http::HttpMethod’的成员
   return HttpMethod::name; \
          ^
/home/yinruochen/workspace/ucc/ucc/http/http.h:116:4: 附注：in expansion of macro ‘XX’
    XX(31, LINK,        LINK)         \
    ^
/home/yinruochen/workspace/ucc/ucc/http/http.cpp:21:2: 附注：in expansion of macro ‘HTTP_METHOD_MAP’
  HTTP_METHOD_MAP(XX);
  ^
/home/yinruochen/workspace/ucc/ucc/http/http.cpp:19:10: 错误：‘UNLINK’不是‘ucc::http::HttpMethod’的成员
   return HttpMethod::name; \
          ^
/home/yinruochen/workspace/ucc/ucc/http/http.h:117:4: 附注：in expansion of macro ‘XX’
    XX(32, UNLINK,      UNLINK)       \
    ^
/home/yinruochen/workspace/ucc/ucc/http/http.cpp:21:2: 附注：in expansion of macro ‘HTTP_METHOD_MAP’
  HTTP_METHOD_MAP(XX);
  ^
/home/yinruochen/workspace/ucc/ucc/http/http.cpp:19:10: 错误：‘SOURCE’不是‘ucc::http::HttpMethod’的成员
   return HttpMethod::name; \
          ^
/home/yinruochen/workspace/ucc/ucc/http/http.h:119:4: 附注：in expansion of macro ‘XX’
    XX(33, SOURCE,      SOURCE)       \
    ^
/home/yinruochen/workspace/ucc/ucc/http/http.cpp:21:2: 附注：in expansion of macro ‘HTTP_METHOD_MAP’
  HTTP_METHOD_MAP(XX);
  ^
/home/yinruochen/workspace/ucc/ucc/http/http.cpp:23:9: 错误：‘INVALID_METHOD’不是‘ucc::http::HttpMethod’的成员
  return HttpMethod::INVALID_METHOD;
         ^
/home/yinruochen/workspace/ucc/ucc/http/http.cpp: 在全局域：
/home/yinruochen/workspace/ucc/ucc/http/http.cpp:28:21: 错误：expected primary-expression before ‘;’ token
  HTTP_METHOD_MAP(XX);
                     ^
/home/yinruochen/workspace/ucc/ucc/http/http.cpp:28:21: 错误：expected ‘}’ before ‘;’ token
/home/yinruochen/workspace/ucc/ucc/http/http.cpp:32:38: 错误：‘HttpMethod’不是一个类型名
 const char* HttpMethodToString(const HttpMethod& m){
                                      ^
/home/yinruochen/workspace/ucc/ucc/http/http.cpp:32:50: 错误：ISO C++ 不允许声明无类型的‘m’ [-fpermissive]
 const char* HttpMethodToString(const HttpMethod& m){
                                                  ^
/home/yinruochen/workspace/ucc/ucc/http/http.cpp: 在函数‘const char* ucc::HttpMethodToString(const int&)’中:
/home/yinruochen/workspace/ucc/ucc/http/http.cpp:34:20: 错误：‘s_method_string’在此作用域中尚未声明
  if(idx >= (sizeof(s_method_string) / sizeof(s_method_string[0]))) {
                    ^
/home/yinruochen/workspace/ucc/ucc/http/http.cpp:34:20: 附注：建议的替代：
/home/yinruochen/workspace/ucc/ucc/http/http.cpp:26:20: 附注：  ‘ucc::http::s_method_string’
 static const char* s_method_string[] = {
                    ^
/home/yinruochen/workspace/ucc/ucc/http/http.cpp:37:9: 错误：‘s_method_string’在此作用域中尚未声明
  return s_method_string[idx];
         ^
/home/yinruochen/workspace/ucc/ucc/http/http.cpp:37:9: 附注：建议的替代：
/home/yinruochen/workspace/ucc/ucc/http/http.cpp:26:20: 附注：  ‘ucc::http::s_method_string’
 static const char* s_method_string[] = {
                    ^
/home/yinruochen/workspace/ucc/ucc/http/http.cpp: 在全局域：
/home/yinruochen/workspace/ucc/ucc/http/http.cpp:40:38: 错误：‘HttpStatus’不是一个类型名
 const char* HttpStatusToString(const HttpStatus& s){
                                      ^
/home/yinruochen/workspace/ucc/ucc/http/http.cpp:40:50: 错误：ISO C++ 不允许声明无类型的‘s’ [-fpermissive]
 const char* HttpStatusToString(const HttpStatus& s){
                                                  ^
/home/yinruochen/workspace/ucc/ucc/http/http.cpp: 在函数‘const char* ucc::HttpStatusToString(const int&)’中:
/home/yinruochen/workspace/ucc/ucc/http/http.cpp:43:8: 错误：‘HttpStatus’未声明
   case HttpStatus::name: \
        ^
/home/yinruochen/workspace/ucc/ucc/http/http.h:16:4: 附注：in expansion of macro ‘XX’
    XX(100, CONTINUE,                        Continue)                        \
    ^
/home/yinruochen/workspace/ucc/ucc/http/http.cpp:45:3: 附注：in expansion of macro ‘HTTP_STATUS_MAP’
   HTTP_STATUS_MAP(XX);
   ^
/home/yinruochen/workspace/ucc/ucc/http/http.cpp:43:8: 错误：‘HttpStatus’未声明
   case HttpStatus::name: \
        ^
/home/yinruochen/workspace/ucc/ucc/http/http.h:17:4: 附注：in expansion of macro ‘XX’
    XX(101, SWITCHING_PROTOCOLS,             Switching Protocols)             \
    ^
/home/yinruochen/workspace/ucc/ucc/http/http.cpp:45:3: 附注：in expansion of macro ‘HTTP_STATUS_MAP’
   HTTP_STATUS_MAP(XX);
   ^
/home/yinruochen/workspace/ucc/ucc/http/http.cpp:43:8: 错误：‘HttpStatus’未声明
   case HttpStatus::name: \
        ^
/home/yinruochen/workspace/ucc/ucc/http/http.h:18:4: 附注：in expansion of macro ‘XX’
    XX(102, PROCESSING,                      Processing)                      \
    ^
/home/yinruochen/workspace/ucc/ucc/http/http.cpp:45:3: 附注：in expansion of macro ‘HTTP_STATUS_MAP’
   HTTP_STATUS_MAP(XX);
   ^
/home/yinruochen/workspace/ucc/ucc/http/http.cpp:43:8: 错误：‘HttpStatus’未声明
   case HttpStatus::name: \
        ^
/home/yinruochen/workspace/ucc/ucc/http/http.h:19:4: 附注：in expansion of macro ‘XX’
    XX(200, OK,                              OK)                              \
    ^
/home/yinruochen/workspace/ucc/ucc/http/http.cpp:45:3: 附注：in expansion of macro ‘HTTP_STATUS_MAP’
   HTTP_STATUS_MAP(XX);
   ^
/home/yinruochen/workspace/ucc/ucc/http/http.cpp:43:8: 错误：‘HttpStatus’未声明
   case HttpStatus::name: \
        ^
/home/yinruochen/workspace/ucc/ucc/http/http.h:20:4: 附注：in expansion of macro ‘XX’
    XX(201, CREATED,                         Created)                         \
    ^
/home/yinruochen/workspace/ucc/ucc/http/http.cpp:45:3: 附注：in expansion of macro ‘HTTP_STATUS_MAP’
   HTTP_STATUS_MAP(XX);
   ^
/home/yinruochen/workspace/ucc/ucc/http/http.cpp:43:8: 错误：‘HttpStatus’未声明
   case HttpStatus::name: \
        ^
/home/yinruochen/workspace/ucc/ucc/http/http.h:21:4: 附注：in expansion of macro ‘XX’
    XX(202, ACCEPTED,                        Accepted)                        \
    ^
/home/yinruochen/workspace/ucc/ucc/http/http.cpp:45:3: 附注：in expansion of macro ‘HTTP_STATUS_MAP’
   HTTP_STATUS_MAP(XX);
   ^
/home/yinruochen/workspace/ucc/ucc/http/http.cpp:43:8: 错误：‘HttpStatus’未声明
   case HttpStatus::name: \
        ^
/home/yinruochen/workspace/ucc/ucc/http/http.h:22:4: 附注：in expansion of macro ‘XX’
    XX(203, NON_AUTHORITATIVE_INFORMATION,   Non-Authoritative Information)   \
    ^
/home/yinruochen/workspace/ucc/ucc/http/http.cpp:45:3: 附注：in expansion of macro ‘HTTP_STATUS_MAP’
   HTTP_STATUS_MAP(XX);
   ^
/home/yinruochen/workspace/ucc/ucc/http/http.cpp:43:8: 错误：‘HttpStatus’未声明
   case HttpStatus::name: \
        ^
/home/yinruochen/workspace/ucc/ucc/http/http.h:23:4: 附注：in expansion of macro ‘XX’
    XX(204, NO_CONTENT,                      No Content)                      \
    ^
/home/yinruochen/workspace/ucc/ucc/http/http.cpp:45:3: 附注：in expansion of macro ‘HTTP_STATUS_MAP’
   HTTP_STATUS_MAP(XX);
   ^
/home/yinruochen/workspace/ucc/ucc/http/http.cpp:43:8: 错误：‘HttpStatus’未声明
   case HttpStatus::name: \
        ^
/home/yinruochen/workspace/ucc/ucc/http/http.h:24:4: 附注：in expansion of macro ‘XX’
    XX(205, RESET_CONTENT,                   Reset Content)                   \
    ^
/home/yinruochen/workspace/ucc/ucc/http/http.cpp:45:3: 附注：in expansion of macro ‘HTTP_STATUS_MAP’
   HTTP_STATUS_MAP(XX);
   ^
/home/yinruochen/workspace/ucc/ucc/http/http.cpp:43:8: 错误：‘HttpStatus’未声明
   case HttpStatus::name: \
        ^
/home/yinruochen/workspace/ucc/ucc/http/http.h:25:4: 附注：in expansion of macro ‘XX’
    XX(206, PARTIAL_CONTENT,                 Partial Content)                 \
    ^
/home/yinruochen/workspace/ucc/ucc/http/http.cpp:45:3: 附注：in expansion of macro ‘HTTP_STATUS_MAP’
   HTTP_STATUS_MAP(XX);
   ^
/home/yinruochen/workspace/ucc/ucc/http/http.cpp:43:8: 错误：‘HttpStatus’未声明
   case HttpStatus::name: \
        ^
/home/yinruochen/workspace/ucc/ucc/http/http.h:26:4: 附注：in expansion of macro ‘XX’
    XX(207, MULTI_STATUS,                    Multi-Status)                    \
    ^
/home/yinruochen/workspace/ucc/ucc/http/http.cpp:45:3: 附注：in expansion of macro ‘HTTP_STATUS_MAP’
   HTTP_STATUS_MAP(XX);
   ^
/home/yinruochen/workspace/ucc/ucc/http/http.cpp:43:8: 错误：‘HttpStatus’未声明
   case HttpStatus::name: \
        ^
/home/yinruochen/workspace/ucc/ucc/http/http.h:27:4: 附注：in expansion of macro ‘XX’
    XX(208, ALREADY_REPORTED,                Already Reported)                \
    ^
/home/yinruochen/workspace/ucc/ucc/http/http.cpp:45:3: 附注：in expansion of macro ‘HTTP_STATUS_MAP’
   HTTP_STATUS_MAP(XX);
   ^
/home/yinruochen/workspace/ucc/ucc/http/http.cpp:43:8: 错误：‘HttpStatus’未声明
   case HttpStatus::name: \
        ^
/home/yinruochen/workspace/ucc/ucc/http/http.h:28:4: 附注：in expansion of macro ‘XX’
    XX(226, IM_USED,                         IM Used)                         \
    ^
/home/yinruochen/workspace/ucc/ucc/http/http.cpp:45:3: 附注：in expansion of macro ‘HTTP_STATUS_MAP’
   HTTP_STATUS_MAP(XX);
   ^
/home/yinruochen/workspace/ucc/ucc/http/http.cpp:43:8: 错误：‘HttpStatus’未声明
   case HttpStatus::name: \
        ^
/home/yinruochen/workspace/ucc/ucc/http/http.h:29:4: 附注：in expansion of macro ‘XX’
    XX(300, MULTIPLE_CHOICES,                Multiple Choices)                \
    ^
/home/yinruochen/workspace/ucc/ucc/http/http.cpp:45:3: 附注：in expansion of macro ‘HTTP_STATUS_MAP’
   HTTP_STATUS_MAP(XX);
   ^
/home/yinruochen/workspace/ucc/ucc/http/http.cpp:43:8: 错误：‘HttpStatus’未声明
   case HttpStatus::name: \
        ^
/home/yinruochen/workspace/ucc/ucc/http/http.h:30:4: 附注：in expansion of macro ‘XX’
    XX(301, MOVED_PERMANENTLY,               Moved Permanently)               \
    ^
/home/yinruochen/workspace/ucc/ucc/http/http.cpp:45:3: 附注：in expansion of macro ‘HTTP_STATUS_MAP’
   HTTP_STATUS_MAP(XX);
   ^
/home/yinruochen/workspace/ucc/ucc/http/http.cpp:43:8: 错误：‘HttpStatus’未声明
   case HttpStatus::name: \
        ^
/home/yinruochen/workspace/ucc/ucc/http/http.h:31:4: 附注：in expansion of macro ‘XX’
    XX(302, FOUND,                           Found)                           \
    ^
/home/yinruochen/workspace/ucc/ucc/http/http.cpp:45:3: 附注：in expansion of macro ‘HTTP_STATUS_MAP’
   HTTP_STATUS_MAP(XX);
   ^
/home/yinruochen/workspace/ucc/ucc/http/http.cpp:43:8: 错误：‘HttpStatus’未声明
   case HttpStatus::name: \
        ^
/home/yinruochen/workspace/ucc/ucc/http/http.h:32:4: 附注：in expansion of macro ‘XX’
    XX(303, SEE_OTHER,                       See Other)                       \
    ^
/home/yinruochen/workspace/ucc/ucc/http/http.cpp:45:3: 附注：in expansion of macro ‘HTTP_STATUS_MAP’
   HTTP_STATUS_MAP(XX);
   ^
/home/yinruochen/workspace/ucc/ucc/http/http.cpp:43:8: 错误：‘HttpStatus’未声明
   case HttpStatus::name: \
        ^
/home/yinruochen/workspace/ucc/ucc/http/http.h:33:4: 附注：in expansion of macro ‘XX’
    XX(304, NOT_MODIFIED,                    Not Modified)                    \
    ^
/home/yinruochen/workspace/ucc/ucc/http/http.cpp:45:3: 附注：in expansion of macro ‘HTTP_STATUS_MAP’
   HTTP_STATUS_MAP(XX);
   ^
/home/yinruochen/workspace/ucc/ucc/http/http.cpp:43:8: 错误：‘HttpStatus’未声明
   case HttpStatus::name: \
        ^
/home/yinruochen/workspace/ucc/ucc/http/http.h:34:4: 附注：in expansion of macro ‘XX’
    XX(305, USE_PROXY,                       Use Proxy)                       \
    ^
/home/yinruochen/workspace/ucc/ucc/http/http.cpp:45:3: 附注：in expansion of macro ‘HTTP_STATUS_MAP’
   HTTP_STATUS_MAP(XX);
   ^
/home/yinruochen/workspace/ucc/ucc/http/http.cpp:43:8: 错误：‘HttpStatus’未声明
   case HttpStatus::name: \
        ^
/home/yinruochen/workspace/ucc/ucc/http/http.h:35:4: 附注：in expansion of macro ‘XX’
    XX(307, TEMPORARY_REDIRECT,              Temporary Redirect)              \
    ^
/home/yinruochen/workspace/ucc/ucc/http/http.cpp:45:3: 附注：in expansion of macro ‘HTTP_STATUS_MAP’
   HTTP_STATUS_MAP(XX);
   ^
/home/yinruochen/workspace/ucc/ucc/http/http.cpp:43:8: 错误：‘HttpStatus’未声明
   case HttpStatus::name: \
        ^
/home/yinruochen/workspace/ucc/ucc/http/http.h:36:4: 附注：in expansion of macro ‘XX’
    XX(308, PERMANENT_REDIRECT,              Permanent Redirect)              \
    ^
/home/yinruochen/workspace/ucc/ucc/http/http.cpp:45:3: 附注：in expansion of macro ‘HTTP_STATUS_MAP’
   HTTP_STATUS_MAP(XX);
   ^
/home/yinruochen/workspace/ucc/ucc/http/http.cpp:43:8: 错误：‘HttpStatus’未声明
   case HttpStatus::name: \
        ^
/home/yinruochen/workspace/ucc/ucc/http/http.h:37:4: 附注：in expansion of macro ‘XX’
    XX(400, BAD_REQUEST,                     Bad Request)                     \
    ^
/home/yinruochen/workspace/ucc/ucc/http/http.cpp:45:3: 附注：in expansion of macro ‘HTTP_STATUS_MAP’
   HTTP_STATUS_MAP(XX);
   ^
/home/yinruochen/workspace/ucc/ucc/http/http.cpp:43:8: 错误：‘HttpStatus’未声明
   case HttpStatus::name: \
        ^
/home/yinruochen/workspace/ucc/ucc/http/http.h:38:4: 附注：in expansion of macro ‘XX’
    XX(401, UNAUTHORIZED,                    Unauthorized)                    \
    ^
/home/yinruochen/workspace/ucc/ucc/http/http.cpp:45:3: 附注：in expansion of macro ‘HTTP_STATUS_MAP’
   HTTP_STATUS_MAP(XX);
   ^
/home/yinruochen/workspace/ucc/ucc/http/http.cpp:43:8: 错误：‘HttpStatus’未声明
   case HttpStatus::name: \
        ^
/home/yinruochen/workspace/ucc/ucc/http/http.h:39:4: 附注：in expansion of macro ‘XX’
    XX(402, PAYMENT_REQUIRED,                Payment Required)                \
    ^
/home/yinruochen/workspace/ucc/ucc/http/http.cpp:45:3: 附注：in expansion of macro ‘HTTP_STATUS_MAP’
   HTTP_STATUS_MAP(XX);
   ^
/home/yinruochen/workspace/ucc/ucc/http/http.cpp:43:8: 错误：‘HttpStatus’未声明
   case HttpStatus::name: \
        ^
/home/yinruochen/workspace/ucc/ucc/http/http.h:40:4: 附注：in expansion of macro ‘XX’
    XX(403, FORBIDDEN,                       Forbidden)                       \
    ^
/home/yinruochen/workspace/ucc/ucc/http/http.cpp:45:3: 附注：in expansion of macro ‘HTTP_STATUS_MAP’
   HTTP_STATUS_MAP(XX);
   ^
/home/yinruochen/workspace/ucc/ucc/http/http.cpp:43:8: 错误：‘HttpStatus’未声明
   case HttpStatus::name: \
        ^
/home/yinruochen/workspace/ucc/ucc/http/http.h:41:4: 附注：in expansion of macro ‘XX’
    XX(404, NOT_FOUND,                       Not Found)                       \
    ^
/home/yinruochen/workspace/ucc/ucc/http/http.cpp:45:3: 附注：in expansion of macro ‘HTTP_STATUS_MAP’
   HTTP_STATUS_MAP(XX);
   ^
/home/yinruochen/workspace/ucc/ucc/http/http.cpp:43:8: 错误：‘HttpStatus’未声明
   case HttpStatus::name: \
        ^
/home/yinruochen/workspace/ucc/ucc/http/http.h:42:4: 附注：in expansion of macro ‘XX’
    XX(405, METHOD_NOT_ALLOWED,              Method Not Allowed)              \
    ^
/home/yinruochen/workspace/ucc/ucc/http/http.cpp:45:3: 附注：in expansion of macro ‘HTTP_STATUS_MAP’
   HTTP_STATUS_MAP(XX);
   ^
/home/yinruochen/workspace/ucc/ucc/http/http.cpp:43:8: 错误：‘HttpStatus’未声明
   case HttpStatus::name: \
        ^
/home/yinruochen/workspace/ucc/ucc/http/http.h:43:4: 附注：in expansion of macro ‘XX’
    XX(406, NOT_ACCEPTABLE,                  Not Acceptable)                  \
    ^
/home/yinruochen/workspace/ucc/ucc/http/http.cpp:45:3: 附注：in expansion of macro ‘HTTP_STATUS_MAP’
   HTTP_STATUS_MAP(XX);
   ^
/home/yinruochen/workspace/ucc/ucc/http/http.cpp:43:8: 错误：‘HttpStatus’未声明
   case HttpStatus::name: \
        ^
/home/yinruochen/workspace/ucc/ucc/http/http.h:44:4: 附注：in expansion of macro ‘XX’
    XX(407, PROXY_AUTHENTICATION_REQUIRED,   Proxy Authentication Required)   \
    ^
/home/yinruochen/workspace/ucc/ucc/http/http.cpp:45:3: 附注：in expansion of macro ‘HTTP_STATUS_MAP’
   HTTP_STATUS_MAP(XX);
   ^
/home/yinruochen/workspace/ucc/ucc/http/http.cpp:43:8: 错误：‘HttpStatus’未声明
   case HttpStatus::name: \
        ^
/home/yinruochen/workspace/ucc/ucc/http/http.h:45:4: 附注：in expansion of macro ‘XX’
    XX(408, REQUEST_TIMEOUT,                 Request Timeout)                 \
    ^
/home/yinruochen/workspace/ucc/ucc/http/http.cpp:45:3: 附注：in expansion of macro ‘HTTP_STATUS_MAP’
   HTTP_STATUS_MAP(XX);
   ^
/home/yinruochen/workspace/ucc/ucc/http/http.cpp:43:8: 错误：‘HttpStatus’未声明
   case HttpStatus::name: \
        ^
/home/yinruochen/workspace/ucc/ucc/http/http.h:46:4: 附注：in expansion of macro ‘XX’
    XX(409, CONFLICT,                        Conflict)                        \
    ^
/home/yinruochen/workspace/ucc/ucc/http/http.cpp:45:3: 附注：in expansion of macro ‘HTTP_STATUS_MAP’
   HTTP_STATUS_MAP(XX);
   ^
/home/yinruochen/workspace/ucc/ucc/http/http.cpp:43:8: 错误：‘HttpStatus’未声明
   case HttpStatus::name: \
        ^
/home/yinruochen/workspace/ucc/ucc/http/http.h:47:4: 附注：in expansion of macro ‘XX’
    XX(410, GONE,                            Gone)                            \
    ^
/home/yinruochen/workspace/ucc/ucc/http/http.cpp:45:3: 附注：in expansion of macro ‘HTTP_STATUS_MAP’
   HTTP_STATUS_MAP(XX);
   ^
/home/yinruochen/workspace/ucc/ucc/http/http.cpp:43:8: 错误：‘HttpStatus’未声明
   case HttpStatus::name: \
        ^
/home/yinruochen/workspace/ucc/ucc/http/http.h:48:4: 附注：in expansion of macro ‘XX’
    XX(411, LENGTH_REQUIRED,                 Length Required)                 \
    ^
/home/yinruochen/workspace/ucc/ucc/http/http.cpp:45:3: 附注：in expansion of macro ‘HTTP_STATUS_MAP’
   HTTP_STATUS_MAP(XX);
   ^
/home/yinruochen/workspace/ucc/ucc/http/http.cpp:43:8: 错误：‘HttpStatus’未声明
   case HttpStatus::name: \
        ^
/home/yinruochen/workspace/ucc/ucc/http/http.h:49:4: 附注：in expansion of macro ‘XX’
    XX(412, PRECONDITION_FAILED,             Precondition Failed)             \
    ^
/home/yinruochen/workspace/ucc/ucc/http/http.cpp:45:3: 附注：in expansion of macro ‘HTTP_STATUS_MAP’
   HTTP_STATUS_MAP(XX);
   ^
/home/yinruochen/workspace/ucc/ucc/http/http.cpp:43:8: 错误：‘HttpStatus’未声明
   case HttpStatus::name: \
        ^
/home/yinruochen/workspace/ucc/ucc/http/http.h:50:4: 附注：in expansion of macro ‘XX’
    XX(413, PAYLOAD_TOO_LARGE,               Payload Too Large)               \
    ^
/home/yinruochen/workspace/ucc/ucc/http/http.cpp:45:3: 附注：in expansion of macro ‘HTTP_STATUS_MAP’
   HTTP_STATUS_MAP(XX);
   ^
/home/yinruochen/workspace/ucc/ucc/http/http.cpp:43:8: 错误：‘HttpStatus’未声明
   case HttpStatus::name: \
        ^
/home/yinruochen/workspace/ucc/ucc/http/http.h:51:4: 附注：in expansion of macro ‘XX’
    XX(414, URI_TOO_LONG,                    URI Too Long)                    \
    ^
/home/yinruochen/workspace/ucc/ucc/http/http.cpp:45:3: 附注：in expansion of macro ‘HTTP_STATUS_MAP’
   HTTP_STATUS_MAP(XX);
   ^
/home/yinruochen/workspace/ucc/ucc/http/http.cpp:43:8: 错误：‘HttpStatus’未声明
   case HttpStatus::name: \
        ^
/home/yinruochen/workspace/ucc/ucc/http/http.h:52:4: 附注：in expansion of macro ‘XX’
    XX(415, UNSUPPORTED_MEDIA_TYPE,          Unsupported Media Type)          \
    ^
/home/yinruochen/workspace/ucc/ucc/http/http.cpp:45:3: 附注：in expansion of macro ‘HTTP_STATUS_MAP’
   HTTP_STATUS_MAP(XX);
   ^
/home/yinruochen/workspace/ucc/ucc/http/http.cpp:43:8: 错误：‘HttpStatus’未声明
   case HttpStatus::name: \
        ^
/home/yinruochen/workspace/ucc/ucc/http/http.h:53:4: 附注：in expansion of macro ‘XX’
    XX(416, RANGE_NOT_SATISFIABLE,           Range Not Satisfiable)           \
    ^
/home/yinruochen/workspace/ucc/ucc/http/http.cpp:45:3: 附注：in expansion of macro ‘HTTP_STATUS_MAP’
   HTTP_STATUS_MAP(XX);
   ^
/home/yinruochen/workspace/ucc/ucc/http/http.cpp:43:8: 错误：‘HttpStatus’未声明
   case HttpStatus::name: \
        ^
/home/yinruochen/workspace/ucc/ucc/http/http.h:54:4: 附注：in expansion of macro ‘XX’
    XX(417, EXPECTATION_FAILED,              Expectation Failed)              \
    ^
/home/yinruochen/workspace/ucc/ucc/http/http.cpp:45:3: 附注：in expansion of macro ‘HTTP_STATUS_MAP’
   HTTP_STATUS_MAP(XX);
   ^
/home/yinruochen/workspace/ucc/ucc/http/http.cpp:43:8: 错误：‘HttpStatus’未声明
   case HttpStatus::name: \
        ^
/home/yinruochen/workspace/ucc/ucc/http/http.h:55:4: 附注：in expansion of macro ‘XX’
    XX(421, MISDIRECTED_REQUEST,             Misdirected Request)             \
    ^
/home/yinruochen/workspace/ucc/ucc/http/http.cpp:45:3: 附注：in expansion of macro ‘HTTP_STATUS_MAP’
   HTTP_STATUS_MAP(XX);
   ^
/home/yinruochen/workspace/ucc/ucc/http/http.cpp:43:8: 错误：‘HttpStatus’未声明
   case HttpStatus::name: \
        ^
/home/yinruochen/workspace/ucc/ucc/http/http.h:56:4: 附注：in expansion of macro ‘XX’
    XX(422, UNPROCESSABLE_ENTITY,            Unprocessable Entity)            \
    ^
/home/yinruochen/workspace/ucc/ucc/http/http.cpp:45:3: 附注：in expansion of macro ‘HTTP_STATUS_MAP’
   HTTP_STATUS_MAP(XX);
   ^
/home/yinruochen/workspace/ucc/ucc/http/http.cpp:43:8: 错误：‘HttpStatus’未声明
   case HttpStatus::name: \
        ^
/home/yinruochen/workspace/ucc/ucc/http/http.h:57:4: 附注：in expansion of macro ‘XX’
    XX(423, LOCKED,                          Locked)                          \
    ^
/home/yinruochen/workspace/ucc/ucc/http/http.cpp:45:3: 附注：in expansion of macro ‘HTTP_STATUS_MAP’
   HTTP_STATUS_MAP(XX);
   ^
/home/yinruochen/workspace/ucc/ucc/http/http.cpp:43:8: 错误：‘HttpStatus’未声明
   case HttpStatus::name: \
        ^
/home/yinruochen/workspace/ucc/ucc/http/http.h:58:4: 附注：in expansion of macro ‘XX’
    XX(424, FAILED_DEPENDENCY,               Failed Dependency)               \
    ^
/home/yinruochen/workspace/ucc/ucc/http/http.cpp:45:3: 附注：in expansion of macro ‘HTTP_STATUS_MAP’
   HTTP_STATUS_MAP(XX);
   ^
/home/yinruochen/workspace/ucc/ucc/http/http.cpp:43:8: 错误：‘HttpStatus’未声明
   case HttpStatus::name: \
        ^
/home/yinruochen/workspace/ucc/ucc/http/http.h:59:4: 附注：in expansion of macro ‘XX’
    XX(426, UPGRADE_REQUIRED,                Upgrade Required)                \
    ^
/home/yinruochen/workspace/ucc/ucc/http/http.cpp:45:3: 附注：in expansion of macro ‘HTTP_STATUS_MAP’
   HTTP_STATUS_MAP(XX);
   ^
/home/yinruochen/workspace/ucc/ucc/http/http.cpp:43:8: 错误：‘HttpStatus’未声明
   case HttpStatus::name: \
        ^
/home/yinruochen/workspace/ucc/ucc/http/http.h:60:4: 附注：in expansion of macro ‘XX’
    XX(428, PRECONDITION_REQUIRED,           Precondition Required)           \
    ^
/home/yinruochen/workspace/ucc/ucc/http/http.cpp:45:3: 附注：in expansion of macro ‘HTTP_STATUS_MAP’
   HTTP_STATUS_MAP(XX);
   ^
/home/yinruochen/workspace/ucc/ucc/http/http.cpp:43:8: 错误：‘HttpStatus’未声明
   case HttpStatus::name: \
        ^
/home/yinruochen/workspace/ucc/ucc/http/http.h:61:4: 附注：in expansion of macro ‘XX’
    XX(429, TOO_MANY_REQUESTS,               Too Many Requests)               \
    ^
/home/yinruochen/workspace/ucc/ucc/http/http.cpp:45:3: 附注：in expansion of macro ‘HTTP_STATUS_MAP’
   HTTP_STATUS_MAP(XX);
   ^
/home/yinruochen/workspace/ucc/ucc/http/http.cpp:43:8: 错误：‘HttpStatus’未声明
   case HttpStatus::name: \
        ^
/home/yinruochen/workspace/ucc/ucc/http/http.h:62:4: 附注：in expansion of macro ‘XX’
    XX(431, REQUEST_HEADER_FIELDS_TOO_LARGE, Request Header Fields Too Large) \
    ^
/home/yinruochen/workspace/ucc/ucc/http/http.cpp:45:3: 附注：in expansion of macro ‘HTTP_STATUS_MAP’
   HTTP_STATUS_MAP(XX);
   ^
/home/yinruochen/workspace/ucc/ucc/http/http.cpp:43:8: 错误：‘HttpStatus’未声明
   case HttpStatus::name: \
        ^
/home/yinruochen/workspace/ucc/ucc/http/http.h:63:4: 附注：in expansion of macro ‘XX’
    XX(451, UNAVAILABLE_FOR_LEGAL_REASONS,   Unavailable For Legal Reasons)   \
    ^
/home/yinruochen/workspace/ucc/ucc/http/http.cpp:45:3: 附注：in expansion of macro ‘HTTP_STATUS_MAP’
   HTTP_STATUS_MAP(XX);
   ^
/home/yinruochen/workspace/ucc/ucc/http/http.cpp:43:8: 错误：‘HttpStatus’未声明
   case HttpStatus::name: \
        ^
/home/yinruochen/workspace/ucc/ucc/http/http.h:64:4: 附注：in expansion of macro ‘XX’
    XX(500, INTERNAL_SERVER_ERROR,           Internal Server Error)           \
    ^
/home/yinruochen/workspace/ucc/ucc/http/http.cpp:45:3: 附注：in expansion of macro ‘HTTP_STATUS_MAP’
   HTTP_STATUS_MAP(XX);
   ^
/home/yinruochen/workspace/ucc/ucc/http/http.cpp:43:8: 错误：‘HttpStatus’未声明
   case HttpStatus::name: \
        ^
/home/yinruochen/workspace/ucc/ucc/http/http.h:65:4: 附注：in expansion of macro ‘XX’
    XX(501, NOT_IMPLEMENTED,                 Not Implemented)                 \
    ^
/home/yinruochen/workspace/ucc/ucc/http/http.cpp:45:3: 附注：in expansion of macro ‘HTTP_STATUS_MAP’
   HTTP_STATUS_MAP(XX);
   ^
/home/yinruochen/workspace/ucc/ucc/http/http.cpp:43:8: 错误：‘HttpStatus’未声明
   case HttpStatus::name: \
        ^
/home/yinruochen/workspace/ucc/ucc/http/http.h:66:4: 附注：in expansion of macro ‘XX’
    XX(502, BAD_GATEWAY,                     Bad Gateway)                     \
    ^
/home/yinruochen/workspace/ucc/ucc/http/http.cpp:45:3: 附注：in expansion of macro ‘HTTP_STATUS_MAP’
   HTTP_STATUS_MAP(XX);
   ^
/home/yinruochen/workspace/ucc/ucc/http/http.cpp:43:8: 错误：‘HttpStatus’未声明
   case HttpStatus::name: \
        ^
/home/yinruochen/workspace/ucc/ucc/http/http.h:67:4: 附注：in expansion of macro ‘XX’
    XX(503, SERVICE_UNAVAILABLE,             Service Unavailable)             \
    ^
/home/yinruochen/workspace/ucc/ucc/http/http.cpp:45:3: 附注：in expansion of macro ‘HTTP_STATUS_MAP’
   HTTP_STATUS_MAP(XX);
   ^
/home/yinruochen/workspace/ucc/ucc/http/http.cpp:43:8: 错误：‘HttpStatus’未声明
   case HttpStatus::name: \
        ^
/home/yinruochen/workspace/ucc/ucc/http/http.h:68:4: 附注：in expansion of macro ‘XX’
    XX(504, GATEWAY_TIMEOUT,                 Gateway Timeout)                 \
    ^
/home/yinruochen/workspace/ucc/ucc/http/http.cpp:45:3: 附注：in expansion of macro ‘HTTP_STATUS_MAP’
   HTTP_STATUS_MAP(XX);
   ^
/home/yinruochen/workspace/ucc/ucc/http/http.cpp:43:8: 错误：‘HttpStatus’未声明
   case HttpStatus::name: \
        ^
/home/yinruochen/workspace/ucc/ucc/http/http.h:69:4: 附注：in expansion of macro ‘XX’
    XX(505, HTTP_VERSION_NOT_SUPPORTED,      HTTP Version Not Supported)      \
    ^
/home/yinruochen/workspace/ucc/ucc/http/http.cpp:45:3: 附注：in expansion of macro ‘HTTP_STATUS_MAP’
   HTTP_STATUS_MAP(XX);
   ^
/home/yinruochen/workspace/ucc/ucc/http/http.cpp:43:8: 错误：‘HttpStatus’未声明
   case HttpStatus::name: \
        ^
/home/yinruochen/workspace/ucc/ucc/http/http.h:70:4: 附注：in expansion of macro ‘XX’
    XX(506, VARIANT_ALSO_NEGOTIATES,         Variant Also Negotiates)         \
    ^
/home/yinruochen/workspace/ucc/ucc/http/http.cpp:45:3: 附注：in expansion of macro ‘HTTP_STATUS_MAP’
   HTTP_STATUS_MAP(XX);
   ^
/home/yinruochen/workspace/ucc/ucc/http/http.cpp:43:8: 错误：‘HttpStatus’未声明
   case HttpStatus::name: \
        ^
/home/yinruochen/workspace/ucc/ucc/http/http.h:71:4: 附注：in expansion of macro ‘XX’
    XX(507, INSUFFICIENT_STORAGE,            Insufficient Storage)            \
    ^
/home/yinruochen/workspace/ucc/ucc/http/http.cpp:45:3: 附注：in expansion of macro ‘HTTP_STATUS_MAP’
   HTTP_STATUS_MAP(XX);
   ^
/home/yinruochen/workspace/ucc/ucc/http/http.cpp:43:8: 错误：‘HttpStatus’未声明
   case HttpStatus::name: \
        ^
/home/yinruochen/workspace/ucc/ucc/http/http.h:72:4: 附注：in expansion of macro ‘XX’
    XX(508, LOOP_DETECTED,                   Loop Detected)                   \
    ^
/home/yinruochen/workspace/ucc/ucc/http/http.cpp:45:3: 附注：in expansion of macro ‘HTTP_STATUS_MAP’
   HTTP_STATUS_MAP(XX);
   ^
/home/yinruochen/workspace/ucc/ucc/http/http.cpp:43:8: 错误：‘HttpStatus’未声明
   case HttpStatus::name: \
        ^
/home/yinruochen/workspace/ucc/ucc/http/http.h:73:4: 附注：in expansion of macro ‘XX’
    XX(510, NOT_EXTENDED,                    Not Extended)                    \
    ^
/home/yinruochen/workspace/ucc/ucc/http/http.cpp:45:3: 附注：in expansion of macro ‘HTTP_STATUS_MAP’
   HTTP_STATUS_MAP(XX);
   ^
/home/yinruochen/workspace/ucc/ucc/http/http.cpp:43:8: 错误：‘HttpStatus’未声明
   case HttpStatus::name: \
        ^
/home/yinruochen/workspace/ucc/ucc/http/http.h:74:4: 附注：in expansion of macro ‘XX’
    XX(511, NETWORK_AUTHENTICATION_REQUIRED, Network Authentication Required) \
    ^
/home/yinruochen/workspace/ucc/ucc/http/http.cpp:45:3: 附注：in expansion of macro ‘HTTP_STATUS_MAP’
   HTTP_STATUS_MAP(XX);
   ^
/home/yinruochen/workspace/ucc/ucc/http/http.cpp: 在全局域：
/home/yinruochen/workspace/ucc/ucc/http/http.cpp:52:6: 错误：‘CaseInsensitiveLess’未声明
 bool CaseInsensitiveLess::operator()(const std::string& lhs 
      ^
/home/yinruochen/workspace/ucc/ucc/http/http.cpp:53:31: 错误：‘const string& lhs’ 重定义
          , const std::string& lhs)const{
                               ^
/home/yinruochen/workspace/ucc/ucc/http/http.cpp:52:57: 错误：‘const string& lhs’ previously declared here
 bool CaseInsensitiveLess::operator()(const std::string& lhs 
                                                         ^
/home/yinruochen/workspace/ucc/ucc/http/http.cpp:53:35: 错误：非成员函数‘bool ucc::operator()(const string&)’不能拥有 cv 限定符
          , const std::string& lhs)const{
                                   ^
/home/yinruochen/workspace/ucc/ucc/http/http.cpp:53:35: 错误：‘bool ucc::operator()(const string&)’必须是一个非静态的成员函数
/home/yinruochen/workspace/ucc/ucc/http/http.cpp:58:1: 错误：‘HttpRequest’不是一个类型名
 HttpRequest::HttpRequest(uint8_t version  , bool close )
 ^
/home/yinruochen/workspace/ucc/ucc/http/http.cpp:64:13: 错误：‘HttpRequest’未声明
 std::string HttpRequest::getHeader(const std::string& key
             ^
/home/yinruochen/workspace/ucc/ucc/http/http.cpp:65:35: 错误：非成员函数‘std::string ucc::getHeader(const string&, const string&)’不能拥有 cv 限定符
          ,const std::string& def )const{
                                   ^
/home/yinruochen/workspace/ucc/ucc/http/http.cpp: 在函数‘std::string ucc::getHeader(const string&, const string&)’中:
/home/yinruochen/workspace/ucc/ucc/http/http.cpp:66:12: 错误：‘m_headers’在此作用域中尚未声明
  auto it = m_headers.find(key);
            ^
/home/yinruochen/workspace/ucc/ucc/http/http.cpp: 在全局域：
/home/yinruochen/workspace/ucc/ucc/http/http.cpp:70:13: 错误：‘HttpRequest’未声明
 std::string HttpRequest::getParam(const std::string& key
             ^
/home/yinruochen/workspace/ucc/ucc/http/http.cpp:71:35: 错误：非成员函数‘std::string ucc::getParam(const string&, const string&)’不能拥有 cv 限定符
          ,const std::string& def )const{
                                   ^
/home/yinruochen/workspace/ucc/ucc/http/http.cpp: 在函数‘std::string ucc::getParam(const string&, const string&)’中:
/home/yinruochen/workspace/ucc/ucc/http/http.cpp:72:12: 错误：‘m_params’在此作用域中尚未声明
  auto it = m_params.find(key);
            ^
/home/yinruochen/workspace/ucc/ucc/http/http.cpp: 在全局域：
/home/yinruochen/workspace/ucc/ucc/http/http.cpp:76:13: 错误：‘HttpRequest’未声明
 std::string HttpRequest::getCookie(const std::string& key
             ^
/home/yinruochen/workspace/ucc/ucc/http/http.cpp:77:35: 错误：非成员函数‘std::string ucc::getCookie(const string&, const string&)’不能拥有 cv 限定符
          ,const std::string& def )const{
                                   ^
/home/yinruochen/workspace/ucc/ucc/http/http.cpp: 在函数‘std::string ucc::getCookie(const string&, const string&)’中:
/home/yinruochen/workspace/ucc/ucc/http/http.cpp:78:12: 错误：‘m_cookies’在此作用域中尚未声明
  auto it = m_cookies.find(key);
            ^
/home/yinruochen/workspace/ucc/ucc/http/http.cpp: 在全局域：
/home/yinruochen/workspace/ucc/ucc/http/http.cpp:82:6: 错误：‘HttpRequest’未声明
 void HttpRequest::setHeader( const std::string& key , const std::string& val){
      ^
/home/yinruochen/workspace/ucc/ucc/http/http.cpp: 在函数‘void ucc::setHeader(const string&, const string&)’中:
/home/yinruochen/workspace/ucc/ucc/http/http.cpp:83:2: 错误：‘m_headers’在此作用域中尚未声明
  m_headers[key] = val; 
  ^
/home/yinruochen/workspace/ucc/ucc/http/http.cpp: 在全局域：
/home/yinruochen/workspace/ucc/ucc/http/http.cpp:86:6: 错误：‘HttpRequest’未声明
 void HttpRequest::setParam( const std::string& key , const std::string& val){
      ^
/home/yinruochen/workspace/ucc/ucc/http/http.cpp: 在函数‘void ucc::setParam(const string&, const string&)’中:
/home/yinruochen/workspace/ucc/ucc/http/http.cpp:87:2: 错误：‘m_params’在此作用域中尚未声明
  m_params[key] = val;
  ^
/home/yinruochen/workspace/ucc/ucc/http/http.cpp: 在全局域：
/home/yinruochen/workspace/ucc/ucc/http/http.cpp:90:6: 错误：‘HttpRequest’未声明
 void HttpRequest::setCookie( const std::string& key , const std::string& val){
      ^
/home/yinruochen/workspace/ucc/ucc/http/http.cpp: 在函数‘void ucc::setCookie(const string&, const string&)’中:
/home/yinruochen/workspace/ucc/ucc/http/http.cpp:91:2: 错误：‘m_cookies’在此作用域中尚未声明
  m_cookies[key] = val;
  ^
/home/yinruochen/workspace/ucc/ucc/http/http.cpp: 在全局域：
/home/yinruochen/workspace/ucc/ucc/http/http.cpp:94:6: 错误：‘HttpRequest’未声明
 void HttpRequest::delHeader(const std::string& key){
      ^
/home/yinruochen/workspace/ucc/ucc/http/http.cpp: 在函数‘void ucc::delHeader(const string&)’中:
/home/yinruochen/workspace/ucc/ucc/http/http.cpp:95:2: 错误：‘m_headers’在此作用域中尚未声明
  m_headers.erase(key);
  ^
/home/yinruochen/workspace/ucc/ucc/http/http.cpp: 在全局域：
/home/yinruochen/workspace/ucc/ucc/http/http.cpp:98:6: 错误：‘HttpRequest’未声明
 void HttpRequest::delParam(const std::string& key){
      ^
/home/yinruochen/workspace/ucc/ucc/http/http.cpp: 在函数‘void ucc::delParam(const string&)’中:
/home/yinruochen/workspace/ucc/ucc/http/http.cpp:99:2: 错误：‘m_params’在此作用域中尚未声明
  m_params.erase(key);
  ^
/home/yinruochen/workspace/ucc/ucc/http/http.cpp: 在全局域：
/home/yinruochen/workspace/ucc/ucc/http/http.cpp:102:6: 错误：‘HttpRequest’未声明
 void HttpRequest::delCookie(const std::string& key){
      ^
/home/yinruochen/workspace/ucc/ucc/http/http.cpp: 在函数‘void ucc::delCookie(const string&)’中:
/home/yinruochen/workspace/ucc/ucc/http/http.cpp:103:2: 错误：‘m_cookies’在此作用域中尚未声明
  m_cookies.erase(key);
  ^
/home/yinruochen/workspace/ucc/ucc/http/http.cpp: 在全局域：
/home/yinruochen/workspace/ucc/ucc/http/http.cpp:106:6: 错误：‘HttpRequest’未声明
 bool HttpRequest::hasHeader(const std::string& key , std::string* val ){
      ^
/home/yinruochen/workspace/ucc/ucc/http/http.cpp: 在函数‘bool ucc::hasHeader(const string&, std::string*)’中:
/home/yinruochen/workspace/ucc/ucc/http/http.cpp:107:12: 错误：‘m_headers’在此作用域中尚未声明
  auto it = m_headers.find(key);
            ^
/home/yinruochen/workspace/ucc/ucc/http/http.cpp: 在全局域：
/home/yinruochen/workspace/ucc/ucc/http/http.cpp:117:6: 错误：‘HttpRequest’未声明
 bool HttpRequest::hasParam(const std::string& key , std::string* val ){
      ^
/home/yinruochen/workspace/ucc/ucc/http/http.cpp: 在函数‘bool ucc::hasParam(const string&, std::string*)’中:
/home/yinruochen/workspace/ucc/ucc/http/http.cpp:118:12: 错误：‘m_params’在此作用域中尚未声明
  auto it = m_params.find(key);
            ^
/home/yinruochen/workspace/ucc/ucc/http/http.cpp: 在全局域：
/home/yinruochen/workspace/ucc/ucc/http/http.cpp:128:6: 错误：‘HttpRequest’未声明
 bool HttpRequest::hasCookie(const std::string& key , std::string* val ){
      ^
/home/yinruochen/workspace/ucc/ucc/http/http.cpp: 在函数‘bool ucc::hasCookie(const string&, std::string*)’中:
/home/yinruochen/workspace/ucc/ucc/http/http.cpp:129:12: 错误：‘m_cookies’在此作用域中尚未声明
  auto it = m_cookies.find(key);
            ^
/home/yinruochen/workspace/ucc/ucc/http/http.cpp: 在全局域：
/home/yinruochen/workspace/ucc/ucc/http/http.cpp:139:15: 错误：‘HttpRequest’未声明
 std::ostream& HttpRequest::dump(std::ostream& os){
               ^
/home/yinruochen/workspace/ucc/ucc/http/http.cpp: 在函数‘std::ostream& ucc::dump(std::ostream&)’中:
/home/yinruochen/workspace/ucc/ucc/http/http.cpp:140:25: 错误：‘m_method’在此作用域中尚未声明
  os<<HttpMethodToString(m_method) <<" "
                         ^
/home/yinruochen/workspace/ucc/ucc/http/http.cpp:141:6: 错误：‘m_path’在此作用域中尚未声明
    <<m_path
      ^
/home/yinruochen/workspace/ucc/ucc/http/http.cpp:142:7: 错误：‘m_query’在此作用域中尚未声明
    <<(m_query.empty()?"":"?")
       ^
/home/yinruochen/workspace/ucc/ucc/http/http.cpp:144:7: 错误：‘m_fragment’在此作用域中尚未声明
    <<(m_fragment.empty()?"" : "#")
       ^
/home/yinruochen/workspace/ucc/ucc/http/http.cpp:147:18: 错误：‘m_version’在此作用域中尚未声明
    <<((uint32_t)(m_version>>4))
                  ^
/home/yinruochen/workspace/ucc/ucc/http/http.cpp:151:23: 错误：‘m_close’在此作用域中尚未声明
  os<<"connection: "<<(m_close?"close":"keep_alive")<<"\r\n";
                       ^
/home/yinruochen/workspace/ucc/ucc/http/http.cpp:152:16: 错误：‘m_headers’在此作用域中尚未声明
  for(auto& i : m_headers){
                ^
/home/yinruochen/workspace/ucc/ucc/http/http.cpp:159:6: 错误：‘m_body’在此作用域中尚未声明
  if(!m_body.empty()){
      ^
/home/yinruochen/workspace/ucc/ucc/http/http.cpp: 在全局域：
/home/yinruochen/workspace/ucc/ucc/http/http.cpp:169:1: 错误：expected declaration before ‘}’ token
 }
 ^
/home/yinruochen/workspace/ucc/ucc/http/http.cpp: 在函数‘ucc::http::HttpMethod ucc::http::StringToHttpMethod(const string&)’中:
/home/yinruochen/workspace/ucc/ucc/http/http.cpp:14:1: 错误：在有返回值的函数中，控制流程到达函数尾 [-Werror=return-type]
 }
 ^
/home/yinruochen/workspace/ucc/ucc/http/http.cpp: 在函数‘ucc::http::HttpMethod ucc::http::CharsToHttpMethod(const char*)’中:
/home/yinruochen/workspace/ucc/ucc/http/http.cpp:24:1: 错误：在有返回值的函数中，控制流程到达函数尾 [-Werror=return-type]
 }
 ^
/home/yinruochen/workspace/ucc/ucc/http/http.cpp: 在函数‘const char* ucc::HttpMethodToString(const int&)’中:
/home/yinruochen/workspace/ucc/ucc/http/http.cpp:38:1: 错误：在有返回值的函数中，控制流程到达函数尾 [-Werror=return-type]
 }
 ^
/home/yinruochen/workspace/ucc/ucc/http/http.cpp: 在函数‘std::string ucc::getHeader(const string&, const string&)’中:
/home/yinruochen/workspace/ucc/ucc/http/http.cpp:68:1: 错误：在有返回值的函数中，控制流程到达函数尾 [-Werror=return-type]
 }
 ^
/home/yinruochen/workspace/ucc/ucc/http/http.cpp: 在函数‘std::string ucc::getParam(const string&, const string&)’中:
/home/yinruochen/workspace/ucc/ucc/http/http.cpp:74:1: 错误：在有返回值的函数中，控制流程到达函数尾 [-Werror=return-type]
 }
 ^
/home/yinruochen/workspace/ucc/ucc/http/http.cpp: 在函数‘std::string ucc::getCookie(const string&, const string&)’中:
/home/yinruochen/workspace/ucc/ucc/http/http.cpp:80:1: 错误：在有返回值的函数中，控制流程到达函数尾 [-Werror=return-type]
 }
 ^
/home/yinruochen/workspace/ucc/ucc/http/http.cpp: 在全局域：
/home/yinruochen/workspace/ucc/ucc/http/http.cpp:26:20: 错误：‘ucc::http::s_method_string’定义后未使用 [-Werror=unused-variable]
 static const char* s_method_string[] = {
                    ^
cc1plus: all warnings being treated as errors
make[2]: *** [CMakeFiles/ucc.dir/ucc/http/http.cpp.o] 错误 1
make[2]: 离开目录“/home/yinruochen/workspace/ucc/build”
make[1]: *** [CMakeFiles/ucc.dir/all] 错误 2
make[1]: 离开目录“/home/yinruochen/workspace/ucc/build”
make: *** [all] 错误 2
